[+] Containers:
 |- [+] Container: /Game/ThirdPerson/Maps/ThirdPersonMap
 |   |- [+] ActorDescs:
 |   |   |- Guid:042C789D4A50C9B75D6C10B183E6C3AC BaseClass: NativeClass:/Script/Engine.SkeletalMeshActor Name:SkeletalMeshActor_UAID_9C7BEF26EE871DE001_2035330824 Label:MM_Jump3 SpatiallyLoaded:1 Bounds:IsValid=true, Min=(X=-5226.877 Y=-2269.664 Z=1289.300), Max=(X=-5113.512 Y=-2152.759 Z=1448.607) RuntimeGrid:None EditorOnly:0 RuntimeOnly:0 HLODRelevant:0
 |   |   |- Guid:08CBCC3546B50AB1B76C32A052729F11 BaseClass: NativeClass:/Script/Engine.TriggerBox Name:TriggerBox_UAID_9C7BEF26EE871EE001_1355937010 Label:CaillouxGauxheHaut SpatiallyLoaded:1 Bounds:IsValid=true, Min=(X=-7595.220 Y=-378.707 Z=1231.000), Max=(X=-4728.780 Y=2252.707 Z=1311.000) RuntimeGrid:None EditorOnly:0 RuntimeOnly:0 HLODRelevant:0
 |   |   |- Guid:139F66F74B990D469F5D85B1856A68FE BaseClass: NativeClass:/Script/Engine.SkeletalMeshActor Name:SkeletalMeshActor_UAID_9C7BEF26EE871FE001_1563275206 Label:MM_Idle15 SpatiallyLoaded:1 Bounds:IsValid=true, Min=(X=-8465.333 Y=-13157.593 Z=2130.529), Max=(X=-8403.761 Y=-13096.512 Z=2308.545) RuntimeGrid:None EditorOnly:0 RuntimeOnly:0 HLODRelevant:0
 |   |   |- Guid:13FBE79240EE7E8B54457B9E7E5C4BFC BaseClass: NativeClass:/Script/Engine.StaticMeshActor Name:StaticMeshActor_UAID_9C7BEF26EE871FE001_1102549191 Label:Cube SpatiallyLoaded:1 Bounds:IsValid=true, Min=(X=-8855.467 Y=-15685.686 Z=2145.000), Max=(X=-6118.533 Y=-13882.314 Z=2295.000) RuntimeGrid:None EditorOnly:0 RuntimeOnly:0 HLODRelevant:1
 |   |   |- Guid:1609D9EA4B1622E25B3CDB9EB4CEA28C BaseClass: NativeClass:/Script/Engine.SkeletalMeshActor Name:SkeletalMeshActor_UAID_9C7BEF26EE871DE001_1924954817 Label:MM_Idle3 SpatiallyLoaded:1 Bounds:IsValid=true, Min=(X=-4994.002 Y=-18019.878 Z=2129.529), Max=(X=-4921.696 Y=-17947.958 Z=2307.545) RuntimeGrid:None EditorOnly:0 RuntimeOnly:0 HLODRelevant:0
 |   |   |- Guid:189793EC4AB6FFD4EE4BDA95C958992B BaseClass: NativeClass:/Script/Landscape.LandscapeStreamingProxy Name:LandscapeStreamingProxy_30RK3DK7WLG6SBZSP99DEAPXE_126_0_1_0 Label:LandscapeStreamingProxy_0_1_0 SpatiallyLoaded:1 Bounds:IsValid=true, Min=(X=-25200.000 Y=-12600.000 Z=-1900.000), Max=(X=-12600.000 Y=0.000 Z=-1542.188) RuntimeGrid:None EditorOnly:0 RuntimeOnly:0 HLODRelevant:1
 |   |   |- Guid:23E48D084612A321CCB38EA86AA11749 BaseClass: NativeClass:/Script/Landscape.LandscapeStreamingProxy Name:LandscapeStreamingProxy_30RK3DK7WLG6SBZSP99DEAPXE_126_0_3_0 Label:LandscapeStreamingProxy_0_3_0 SpatiallyLoaded:1 Bounds:IsValid=true, Min=(X=-25200.000 Y=12600.000 Z=-3985.156), Max=(X=-12600.000 Y=25200.000 Z=-1797.656) RuntimeGrid:None EditorOnly:0 RuntimeOnly:0 HLODRelevant:1
 |   |   |- Guid:26FF41C74452F7213FB10E92E7D5FB5B BaseClass: NativeClass:/Script/Landscape.LandscapeStreamingProxy Name:LandscapeStreamingProxy_30RK3DK7WLG6SBZSP99DEAPXE_126_0_2_0 Label:LandscapeStreamingProxy_0_2_0 SpatiallyLoaded:1 Bounds:IsValid=true, Min=(X=-25200.000 Y=0.000 Z=-1899.219), Max=(X=-12600.000 Y=12600.000 Z=-1897.656) RuntimeGrid:None EditorOnly:0 RuntimeOnly:0 HLODRelevant:1
 |   |   |- Guid:2FB58999456391D349DC0F86DAC136ED BaseClass: NativeClass:/Script/Engine.SkyLight Name:SkyLight_1 Label:SkyLight SpatiallyLoaded:0 Bounds:IsValid=true, Min=(X=0.000 Y=0.000 Z=690.000), Max=(X=0.000 Y=0.000 Z=690.000) RuntimeGrid:None EditorOnly:0 RuntimeOnly:0 HLODRelevant:0 FolderPath:Lighting FolderGuid:963EC3EB4002CCE9759E2EBA541A873A
 |   |   |- Guid:316CF2A6494ACA4C0E4180A87D36AB8F BaseClass: NativeClass:/Script/Engine.ExponentialHeightFog Name:ExponentialHeightFog_0 Label:ExponentialHeightFog SpatiallyLoaded:0 Bounds:IsValid=true, Min=(X=-5600.000 Y=-50.000 Z=-6850.000), Max=(X=-5600.000 Y=-50.000 Z=-6850.000) RuntimeGrid:None EditorOnly:0 RuntimeOnly:0 HLODRelevant:0 FolderPath:Lighting FolderGuid:963EC3EB4002CCE9759E2EBA541A873A
 |   |   |- Guid:34C101744ACF62438A5F63A11239CF07 BaseClass: NativeClass:/Script/Engine.TriggerBox Name:TriggerBox_UAID_9C7BEF26EE871EE001_1128069007 Label:TentaculeGauche SpatiallyLoaded:1 Bounds:IsValid=true, Min=(X=-7601.146 Y=-1486.938 Z=1231.000), Max=(X=-2690.854 Y=2236.938 Z=1311.000) RuntimeGrid:None EditorOnly:0 RuntimeOnly:0 HLODRelevant:0
 |   |   |- Guid:37E47AA641D5079651F30B9AEC8B2EB1 BaseClass: NativeClass:/Script/Engine.SkeletalMeshActor Name:SkeletalMeshActor_UAID_9C7BEF26EE871FE001_1558781205 Label:MM_Idle14 SpatiallyLoaded:1 Bounds:IsValid=true, Min=(X=-7933.333 Y=-12914.593 Z=2130.529), Max=(X=-7871.761 Y=-12853.512 Z=2308.545) RuntimeGrid:None EditorOnly:0 RuntimeOnly:0 HLODRelevant:0
 |   |   |- Guid:3902928E4433C91011C5F8BAA5D791D1 BaseClass: NativeClass:/Script/Engine.TriggerBox Name:TriggerBox_UAID_9C7BEF26EE871EE001_1440604013 Label:CaillouxMillieuBas SpatiallyLoaded:1 Bounds:IsValid=true, Min=(X=-6356.922 Y=-3182.620 Z=1231.000), Max=(X=-3221.078 Y=-421.380 Z=1311.000) RuntimeGrid:None EditorOnly:0 RuntimeOnly:0 HLODRelevant:0
 |   |   |- Guid:39F20157456FC6CC9FDB3E87140147D3 BaseClass: NativeClass:/Script/Engine.TriggerBox Name:TriggerBox_UAID_9C7BEF26EE871EE001_1124976006 Label:TentaculeDroite SpatiallyLoaded:1 Bounds:IsValid=true, Min=(X=-9337.144 Y=-4678.673 Z=1231.000), Max=(X=-4360.856 Y=-831.327 Z=1311.000) RuntimeGrid:None EditorOnly:0 RuntimeOnly:0 HLODRelevant:0
 |   |   |- Guid:3B4AFC554F8EF7D2447EADA0EA8E6805 BaseClass: NativeClass:/Script/Engine.SkeletalMeshActor Name:SkeletalMeshActor_UAID_9C7BEF26EE871DE001_2036956825 Label:MM_Jump4 SpatiallyLoaded:1 Bounds:IsValid=true, Min=(X=-4575.584 Y=-1585.014 Z=1292.584), Max=(X=-4464.219 Y=-1477.477 Z=1470.231) RuntimeGrid:None EditorOnly:0 RuntimeOnly:0 HLODRelevant:0
 |   |   |- Guid:3D480F39423D2C540AAFABBDBCF41BA1 BaseClass: NativeClass:/Script/Landscape.LandscapeStreamingProxy Name:LandscapeStreamingProxy_30RK3DK7WLG6SBZSP99DEAPXE_126_1_2_0 Label:LandscapeStreamingProxy_1_2_0 SpatiallyLoaded:1 Bounds:IsValid=true, Min=(X=-12600.000 Y=0.000 Z=-1998.438), Max=(X=0.000 Y=12600.000 Z=1271.094) RuntimeGrid:None EditorOnly:0 RuntimeOnly:0 HLODRelevant:1
 |   |   |- Guid:409069A34EDD5EDA402546A8468C85B1 BaseClass: NativeClass:/Script/Engine.TriggerBox Name:TriggerBox_UAID_9C7BEF26EE871EE001_1324804009 Label:CaillouxDroitBas SpatiallyLoaded:1 Bounds:IsValid=true, Min=(X=-7287.218 Y=-4686.442 Z=1231.000), Max=(X=-4354.782 Y=-1931.558 Z=1311.000) RuntimeGrid:None EditorOnly:0 RuntimeOnly:0 HLODRelevant:0
 |   |   |- Guid:45B33C224E89F47E159117A7D64E2308 BaseClass: NativeClass:/Script/Engine.SkeletalMeshActor Name:SkeletalMeshActor_UAID_9C7BEF26EE871DE001_2034249823 Label:MM_Jump2 SpatiallyLoaded:1 Bounds:IsValid=true, Min=(X=-4985.752 Y=-1852.645 Z=1287.053), Max=(X=-4881.472 Y=-1741.776 Z=1448.834) RuntimeGrid:None EditorOnly:0 RuntimeOnly:0 HLODRelevant:0
 |   |   |- Guid:47F744FE48BA16FF87734C92AEC6A6B0 BaseClass: NativeClass:/Script/Landscape.LandscapeStreamingProxy Name:LandscapeStreamingProxy_30RK3DK7WLG6SBZSP99DEAPXE_126_2_3_0 Label:LandscapeStreamingProxy_2_3_0 SpatiallyLoaded:1 Bounds:IsValid=true, Min=(X=0.000 Y=12600.000 Z=-3301.562), Max=(X=12600.000 Y=25200.000 Z=-1893.750) RuntimeGrid:None EditorOnly:0 RuntimeOnly:0 HLODRelevant:1
 |   |   |- Guid:4D3BE93F4146AAAC8BBE79999D96D57F BaseClass: NativeClass:/Script/Engine.VolumetricCloud Name:VolumetricCloud_0 Label:VolumetricCloud SpatiallyLoaded:0 Bounds:IsValid=true, Min=(X=0.000 Y=0.000 Z=820.000), Max=(X=0.000 Y=0.000 Z=820.000) RuntimeGrid:None EditorOnly:0 RuntimeOnly:0 HLODRelevant:0 FolderPath:Lighting FolderGuid:963EC3EB4002CCE9759E2EBA541A873A
 |   |   |- Guid:5697C0B9411BEA30A1246A8D2801E886 BaseClass: NativeClass:/Script/Engine.PointLight Name:PointLight_UAID_9C7BEF26EE871EE001_2057237014 Label:PointLight SpatiallyLoaded:1 Bounds:IsValid=true, Min=(X=-10858.397 Y=-17146.397 Z=-533.397), Max=(X=-4789.603 Y=-11077.603 Z=5535.397) RuntimeGrid:None EditorOnly:0 RuntimeOnly:0 HLODRelevant:0
 |   |   |- Guid:58CBDD79449895B81E5152B67AC9C1FF BaseClass: NativeClass:/Script/Engine.PlayerStart Name:PlayerStart_UAID_9C7BEF26EE871DE001_1584297814 Label:PlayerStart SpatiallyLoaded:0 Bounds:IsValid=true, Min=(X=12.518 Y=-13077.482 Z=490.000), Max=(X=123.482 Y=-12966.518 Z=674.000) RuntimeGrid:None EditorOnly:0 RuntimeOnly:0 HLODRelevant:0
 |   |   |- Guid:5B7872214BC9F5B157AF74858CC1D372 BaseClass: NativeClass:/Script/Engine.SkeletalMeshActor Name:SkeletalMeshActor_UAID_9C7BEF26EE871FE001_1498630202 Label:MM_Idle11 SpatiallyLoaded:1 Bounds:IsValid=true, Min=(X=-8572.734 Y=-14045.241 Z=2130.529), Max=(X=-8500.814 Y=-13972.936 Z=2308.545) RuntimeGrid:None EditorOnly:0 RuntimeOnly:0 HLODRelevant:0
 |   |   |- Guid:5D88709A4A7DED0A1A9786860A745DB3 BaseClass: NativeClass:/Script/Landscape.LandscapeStreamingProxy Name:LandscapeStreamingProxy_30RK3DK7WLG6SBZSP99DEAPXE_126_2_0_0 Label:LandscapeStreamingProxy_2_0_0 SpatiallyLoaded:1 Bounds:IsValid=true, Min=(X=0.000 Y=-25200.000 Z=-1900.000), Max=(X=12600.000 Y=-12600.000 Z=489.844) RuntimeGrid:None EditorOnly:0 RuntimeOnly:0 HLODRelevant:1
 |   |   |- Guid:607AAA44478575A30EDB9AAFA99828CC BaseClass: NativeClass:/Script/Landscape.LandscapeStreamingProxy Name:LandscapeStreamingProxy_30RK3DK7WLG6SBZSP99DEAPXE_126_3_0_0 Label:LandscapeStreamingProxy_3_0_0 SpatiallyLoaded:1 Bounds:IsValid=true, Min=(X=12600.000 Y=-25200.000 Z=-1997.656), Max=(X=25200.000 Y=-12600.000 Z=-1797.656) RuntimeGrid:None EditorOnly:0 RuntimeOnly:0 HLODRelevant:1
 |   |   |- Guid:645A1F754F3B986CB778FFAFD6759AE4 BaseClass: NativeClass:/Script/Water.WaterBodyOcean Name:WaterBodyOcean_UAID_9C7BEF26EE8717E001_1530558751 Label:WaterBodyOcean SpatiallyLoaded:0 Bounds:IsValid=true, Min=(X=-33932.000 Y=-17065.143 Z=-19900.000), Max=(X=16468.000 Y=39829.000 Z=100.000) RuntimeGrid:None EditorOnly:0 RuntimeOnly:0 HLODRelevant:1
 |   |   |- Guid:6717DD1A4A9ED2C601736EBFF3E68600 BaseClass: NativeClass:/Script/WaterEditor.WaterBrushManager Name:Landscape_WaterBrushManager_0 Label:Landscape_WaterBrushManager SpatiallyLoaded:0 Bounds:IsValid=true, Min=(X=0.000 Y=0.000 Z=100.000), Max=(X=350.000 Y=350.000 Z=50000.000) RuntimeGrid:None EditorOnly:0 RuntimeOnly:0 HLODRelevant:0
 |   |   |- Guid:6A3EA1F5486FE5651876B3852FFA7154 BaseClass: NativeClass:/Script/Engine.SkeletalMeshActor Name:SkeletalMeshActor_UAID_9C7BEF26EE871DE001_2039170827 Label:MM_Jump6 SpatiallyLoaded:1 Bounds:IsValid=true, Min=(X=-4571.792 Y=-1091.138 Z=1306.690), Max=(X=-4472.302 Y=-988.877 Z=1454.709) RuntimeGrid:None EditorOnly:0 RuntimeOnly:0 HLODRelevant:0
 |   |   |- Guid:6BAF4DDD444C60371492D3919DB42C97 BaseClass: NativeClass:/Script/Engine.WorldDataLayers Name:WorldDataLayers Label:WorldDataLayers SpatiallyLoaded:0 Bounds:IsValid=true, Min=(X=0.000 Y=0.000 Z=0.000), Max=(X=0.000 Y=0.000 Z=0.000) RuntimeGrid:None EditorOnly:0 RuntimeOnly:0 HLODRelevant:0
 |   |   |- Guid:6D9EB74A43D8488524B7D9B5DC31BC52 BaseClass: NativeClass:/Script/Engine.SkeletalMeshActor Name:SkeletalMeshActor_UAID_9C7BEF26EE871FE001_1498631203 Label:MM_Idle12 SpatiallyLoaded:1 Bounds:IsValid=true, Min=(X=-8720.718 Y=-13723.114 Z=2130.529), Max=(X=-8648.798 Y=-13650.809 Z=2308.545) RuntimeGrid:None EditorOnly:0 RuntimeOnly:0 HLODRelevant:0
 |   |   |- Guid:74D40BA54A4F7C1CCCC76687279DF42B BaseClass: NativeClass:/Script/Landscape.LandscapeStreamingProxy Name:LandscapeStreamingProxy_30RK3DK7WLG6SBZSP99DEAPXE_126_2_2_0 Label:LandscapeStreamingProxy_2_2_0 SpatiallyLoaded:1 Bounds:IsValid=true, Min=(X=0.000 Y=0.000 Z=-1900.000), Max=(X=12600.000 Y=12600.000 Z=-1867.188) RuntimeGrid:None EditorOnly:0 RuntimeOnly:0 HLODRelevant:1
 |   |   |- Guid:78583AD54699E23B6D069B99C0104A1C BaseClass: NativeClass:/Script/Engine.TriggerBox Name:TriggerBox_UAID_9C7BEF26EE871EE001_1430799012 Label:CaillouxMillieuHaut SpatiallyLoaded:1 Bounds:IsValid=true, Min=(X=-8674.922 Y=-1930.620 Z=1231.000), Max=(X=-5539.078 Y=830.620 Z=1311.000) RuntimeGrid:None EditorOnly:0 RuntimeOnly:0 HLODRelevant:0
 |   |   |- Guid:78955D3943FD57954A39D4ABF13A73F6 BaseClass: NativeClass:/Script/Engine.StaticMeshActor Name:StaticMeshActor_UAID_9C7BEF26EE871FE001_1291972194 Label:Cube3 SpatiallyLoaded:1 Bounds:IsValid=true, Min=(X=-8844.798 Y=-14922.140 Z=1592.000), Max=(X=-7763.202 Y=-14435.860 Z=2992.000) RuntimeGrid:None EditorOnly:0 RuntimeOnly:0 HLODRelevant:1
 |   |   |- Guid:8035931A42464A5EEF8E05A35FBF3465 BaseClass: NativeClass:/Script/Landscape.Landscape Name:Landscape_UAID_9C7BEF26EE8717E001_1350195751 Label:Landscape SpatiallyLoaded:0 Bounds:IsValid=true, Min=(X=-25200.000 Y=-25200.000 Z=100.000), Max=(X=-25200.000 Y=-25200.000 Z=100.000) RuntimeGrid:None EditorOnly:0 RuntimeOnly:0 HLODRelevant:0
 |   |   |- Guid:80AEA92B40EDEF4591D71CA0D72AB401 BaseClass: NativeClass:/Script/Landscape.LandscapeStreamingProxy Name:LandscapeStreamingProxy_30RK3DK7WLG6SBZSP99DEAPXE_126_2_1_0 Label:LandscapeStreamingProxy_2_1_0 SpatiallyLoaded:1 Bounds:IsValid=true, Min=(X=0.000 Y=-12600.000 Z=-1900.000), Max=(X=12600.000 Y=0.000 Z=489.844) RuntimeGrid:None EditorOnly:0 RuntimeOnly:0 HLODRelevant:1
 |   |   |- Guid:80FA8AB546BEDBFB87122CAF8B465B57 BaseClass: NativeClass:/Script/Engine.SkeletalMeshActor Name:SkeletalMeshActor_UAID_9C7BEF26EE871FE001_1481769199 Label:MM_Idle8 SpatiallyLoaded:1 Bounds:IsValid=true, Min=(X=-7216.680 Y=-13565.830 Z=2130.529), Max=(X=-7147.226 Y=-13495.962 Z=2308.545) RuntimeGrid:None EditorOnly:0 RuntimeOnly:0 HLODRelevant:0
 |   |   |- Guid:81A768DF471D43B705348EA3D4117FEA BaseClass: NativeClass:/Script/Landscape.LandscapeStreamingProxy Name:LandscapeStreamingProxy_30RK3DK7WLG6SBZSP99DEAPXE_126_3_1_0 Label:LandscapeStreamingProxy_3_1_0 SpatiallyLoaded:1 Bounds:IsValid=true, Min=(X=12600.000 Y=-12600.000 Z=-1997.656), Max=(X=25200.000 Y=0.000 Z=-1797.656) RuntimeGrid:None EditorOnly:0 RuntimeOnly:0 HLODRelevant:1
 |   |   |- Guid:85DE80B64E3715815724DD81B7CDF1E9 BaseClass: NativeClass:/Script/Landscape.LandscapeStreamingProxy Name:LandscapeStreamingProxy_30RK3DK7WLG6SBZSP99DEAPXE_126_0_0_0 Label:LandscapeStreamingProxy_0_0_0 SpatiallyLoaded:1 Bounds:IsValid=true, Min=(X=-25200.000 Y=-25200.000 Z=-5107.031), Max=(X=-12600.000 Y=-12600.000 Z=-992.188) RuntimeGrid:None EditorOnly:0 RuntimeOnly:0 HLODRelevant:1
 |   |   |- Guid:8AEBD6334E0795631C9A31BA66EE5FB1 BaseClass: NativeClass:/Script/Landscape.LandscapeStreamingProxy Name:LandscapeStreamingProxy_30RK3DK7WLG6SBZSP99DEAPXE_126_3_2_0 Label:LandscapeStreamingProxy_3_2_0 SpatiallyLoaded:1 Bounds:IsValid=true, Min=(X=12600.000 Y=0.000 Z=-1997.656), Max=(X=25200.000 Y=12600.000 Z=-1797.656) RuntimeGrid:None EditorOnly:0 RuntimeOnly:0 HLODRelevant:1
 |   |   |- Guid:91037078403C3FA8EFE75CB8A0813755 BaseClass: NativeClass:/Script/Engine.SkeletalMeshActor Name:SkeletalMeshActor_UAID_9C7BEF26EE871FE001_1461783197 Label:MM_Idle7 SpatiallyLoaded:1 Bounds:IsValid=true, Min=(X=-7348.680 Y=-13236.830 Z=2130.529), Max=(X=-7279.226 Y=-13166.962 Z=2308.545) RuntimeGrid:None EditorOnly:0 RuntimeOnly:0 HLODRelevant:0
 |   |   |- Guid:9521C4794C3A6FDA0B2DB7A323EC96F4 BaseClass: NativeClass:/Script/Engine.SkeletalMeshActor Name:SkeletalMeshActor_UAID_9C7BEF26EE871DE001_2030103822 Label:MM_Jump SpatiallyLoaded:1 Bounds:IsValid=true, Min=(X=-5099.881 Y=-2806.314 Z=1287.053), Max=(X=-5034.265 Y=-2716.816 Z=1448.834) RuntimeGrid:None EditorOnly:0 RuntimeOnly:0 HLODRelevant:0
 |   |   |- Guid:9CC75B4B4EC737A02B66F4A65A88D642 BaseClass: NativeClass:/Script/Engine.StaticMeshActor Name:StaticMeshActor_UAID_9C7BEF26EE871FE001_1384294195 Label:Cube4 SpatiallyLoaded:1 Bounds:IsValid=true, Min=(X=-7511.798 Y=-14374.140 Z=1592.000), Max=(X=-6430.202 Y=-13887.860 Z=2992.000) RuntimeGrid:None EditorOnly:0 RuntimeOnly:0 HLODRelevant:1
 |   |   |- Guid:A1498E7C4A4B85D48E7BFC9C2E894AEF BaseClass: NativeClass:/Script/Engine.SkeletalMeshActor Name:SkeletalMeshActor_UAID_9C7BEF26EE871DE001_2038144826 Label:MM_Jump5 SpatiallyLoaded:1 Bounds:IsValid=true, Min=(X=-4575.352 Y=-1205.608 Z=900.036), Max=(X=-4504.371 Y=-1144.098 Z=1045.768) RuntimeGrid:None EditorOnly:0 RuntimeOnly:0 HLODRelevant:0
 |   |   |- Guid:AB1580654C573ACD172D8C9CC3CD4630 BaseClass: NativeClass:/Script/Landscape.LandscapeStreamingProxy Name:LandscapeStreamingProxy_30RK3DK7WLG6SBZSP99DEAPXE_126_1_1_0 Label:LandscapeStreamingProxy_1_1_0 SpatiallyLoaded:1 Bounds:IsValid=true, Min=(X=-12600.000 Y=-12600.000 Z=-1900.000), Max=(X=0.000 Y=0.000 Z=2130.469) RuntimeGrid:None EditorOnly:0 RuntimeOnly:0 HLODRelevant:1
 |   |   |- Guid:B0E1AA1D429550752F6A7C9319711D94 BaseClass: NativeClass:/Script/Engine.SkeletalMeshActor Name:SkeletalMeshActor_UAID_9C7BEF26EE871FE001_1490688200 Label:MM_Idle9 SpatiallyLoaded:1 Bounds:IsValid=true, Min=(X=-7101.680 Y=-13860.830 Z=2130.529), Max=(X=-7032.226 Y=-13790.962 Z=2308.545) RuntimeGrid:None EditorOnly:0 RuntimeOnly:0 HLODRelevant:0
 |   |   |- Guid:B558592A4DB3AF164FF17BAB1D17E610 BaseClass: NativeClass:/Script/Landscape.LandscapeStreamingProxy Name:LandscapeStreamingProxy_30RK3DK7WLG6SBZSP99DEAPXE_126_3_3_0 Label:LandscapeStreamingProxy_3_3_0 SpatiallyLoaded:1 Bounds:IsValid=true, Min=(X=12600.000 Y=12600.000 Z=-4389.062), Max=(X=25200.000 Y=25200.000 Z=-1797.656) RuntimeGrid:None EditorOnly:0 RuntimeOnly:0 HLODRelevant:1
 |   |   |- Guid:B785ED2844B84CFB91E7F39FE661CD99 BaseClass: NativeClass:/Script/Engine.DirectionalLight Name:DirectionalLight_0 Label:DirectionalLight SpatiallyLoaded:0 Bounds:IsValid=true, Min=(X=-4398046511104.000 Y=-4398046511104.000 Z=-4398046511104.000), Max=(X=4398046511104.000 Y=4398046511104.000 Z=4398046511104.000) RuntimeGrid:None EditorOnly:0 RuntimeOnly:0 HLODRelevant:0 FolderPath:Lighting FolderGuid:963EC3EB4002CCE9759E2EBA541A873A
 |   |   |- Guid:C06A3DB04AD49B1A305FAD810D748828 BaseClass: NativeClass:/Script/Engine.TriggerBox Name:TriggerBox_UAID_9C7BEF26EE871EE001_1088697005 Label:TentaculeMillieu SpatiallyLoaded:1 Bounds:IsValid=true, Min=(X=-8690.853 Y=-3172.685 Z=1231.000), Max=(X=-3231.147 Y=830.685 Z=1311.000) RuntimeGrid:None EditorOnly:0 RuntimeOnly:0 HLODRelevant:0
 |   |   |- Guid:C6A9762344BA3ECA09BFB683405D185C BaseClass: NativeClass:/Script/Engine.SkeletalMeshActor Name:SkeletalMeshActor_UAID_9C7BEF26EE871DE001_1886784815 Label:MM_Idle SpatiallyLoaded:1 Bounds:IsValid=true, Min=(X=-207.649 Y=-13016.661 Z=489.435), Max=(X=-105.655 Y=-12914.505 Z=703.054) RuntimeGrid:None EditorOnly:0 RuntimeOnly:0 HLODRelevant:0
 |   |   |- Guid:C9E7EFEE473F428DF56FB1919E931892 BaseClass: NativeClass:/Script/Engine.SkeletalMeshActor Name:SkeletalMeshActor_UAID_9C7BEF26EE871FE001_1417803196 Label:MM_Idle6 SpatiallyLoaded:1 Bounds:IsValid=true, Min=(X=-7475.680 Y=-12936.830 Z=2130.529), Max=(X=-7406.226 Y=-12866.962 Z=2308.545) RuntimeGrid:None EditorOnly:0 RuntimeOnly:0 HLODRelevant:0
 |   |   |- Guid:CCFF262C46EEFFDF319E7F9539CE697E BaseClass: NativeClass:/Script/Engine.SkyAtmosphere Name:SkyAtmosphere_0 Label:SkyAtmosphere SpatiallyLoaded:0 Bounds:IsValid=true, Min=(X=0.000 Y=0.000 Z=1020.000), Max=(X=0.000 Y=0.000 Z=1020.000) RuntimeGrid:None EditorOnly:0 RuntimeOnly:0 HLODRelevant:0 FolderPath:Lighting FolderGuid:963EC3EB4002CCE9759E2EBA541A873A
 |   |   |- Guid:D00375C440CA5B67975A2D8AB50EF760 BaseClass: NativeClass:/Script/Landscape.LandscapeStreamingProxy Name:LandscapeStreamingProxy_30RK3DK7WLG6SBZSP99DEAPXE_126_1_3_0 Label:LandscapeStreamingProxy_1_3_0 SpatiallyLoaded:1 Bounds:IsValid=true, Min=(X=-12600.000 Y=12600.000 Z=-8440.625), Max=(X=0.000 Y=25200.000 Z=-1897.656) RuntimeGrid:None EditorOnly:0 RuntimeOnly:0 HLODRelevant:1
 |   |   |- Guid:D09465644DF0756149BDD381D2DDE911 BaseClass: NativeClass:/Script/Engine.TriggerBox Name:TriggerBox_UAID_9C7BEF26EE871EE001_1378331011 Label:Cailloux GauxheBas SpatiallyLoaded:1 Bounds:IsValid=true, Min=(X=-5542.220 Y=-1473.707 Z=1231.000), Max=(X=-2675.780 Y=1157.707 Z=1311.000) RuntimeGrid:None EditorOnly:0 RuntimeOnly:0 HLODRelevant:0
 |   |   |- Guid:D15E10DC4691B500A247D6AB211FA6CA BaseClass: NativeClass:/Script/Engine.SkeletalMeshActor Name:SkeletalMeshActor_UAID_9C7BEF26EE871DE001_1906703816 Label:MM_Idle2 SpatiallyLoaded:1 Bounds:IsValid=true, Min=(X=-47.345 Y=-13029.495 Z=489.435), Max=(X=54.649 Y=-12927.339 Z=703.054) RuntimeGrid:None EditorOnly:0 RuntimeOnly:0 HLODRelevant:0
 |   |   |- Guid:D7B4A68C4421F0F5426F27885BFE587B BaseClass: NativeClass:/Script/Water.WaterZone Name:WaterZone_UAID_9C7BEF26EE8717E001_1530662752 Label:WaterZone SpatiallyLoaded:0 Bounds:IsValid=true, Min=(X=-25200.000 Y=-25200.000 Z=-25200.000), Max=(X=25200.000 Y=25200.000 Z=25200.000) RuntimeGrid:None EditorOnly:0 RuntimeOnly:0 HLODRelevant:0
 |   |   |- Guid:DA05213B42961E09E7ABE39F435BF019 BaseClass: NativeClass:/Script/Engine.SkeletalMeshActor Name:SkeletalMeshActor_UAID_9C7BEF26EE871FE001_1498632204 Label:MM_Idle13 SpatiallyLoaded:1 Bounds:IsValid=true, Min=(X=-8850.054 Y=-13434.113 Z=2130.529), Max=(X=-8778.135 Y=-13361.807 Z=2308.545) RuntimeGrid:None EditorOnly:0 RuntimeOnly:0 HLODRelevant:0
 |   |   |- Guid:DA40E430448DE76D81E4B98434332E3C BaseClass: NativeClass:/Script/Engine.SkeletalMeshActor Name:SkeletalMeshActor_UAID_9C7BEF26EE871DE001_2042198828 Label:MM_Jump7 SpatiallyLoaded:1 Bounds:IsValid=true, Min=(X=-4723.610 Y=-2232.282 Z=1271.094), Max=(X=-4635.903 Y=-2140.687 Z=1416.826) RuntimeGrid:None EditorOnly:0 RuntimeOnly:0 HLODRelevant:0
 |   |   |- Guid:E905A57F451BF1FB2469258C219D276E BaseClass: NativeClass:/Script/Engine.TriggerBox Name:TriggerBox_UAID_9C7BEF26EE871EE001_1298393008 Label:CaillouxDroitHaut SpatiallyLoaded:1 Bounds:IsValid=true, Min=(X=-9351.218 Y=-3597.442 Z=1231.000), Max=(X=-6418.782 Y=-842.558 Z=1311.000) RuntimeGrid:None EditorOnly:0 RuntimeOnly:0 HLODRelevant:0
 |   |   |- Guid:EC4E0C944CE6AC6E784BC6BB2916EA13 BaseClass: NativeClass:/Script/Engine.StaticMeshActor Name:StaticMeshActor_UAID_A4AE111137DC5EFB00_1110535423 Label:SM_SkySphere SpatiallyLoaded:0 Bounds:IsValid=true, Min=(X=-1638400.000 Y=-1638400.000 Z=-1638400.000), Max=(X=1638400.000 Y=1638400.000 Z=1638400.000) RuntimeGrid:None EditorOnly:0 RuntimeOnly:0 HLODRelevant:1 FolderPath:Lighting FolderGuid:963EC3EB4002CCE9759E2EBA541A873A
 |   |   |- Guid:F435AC8C464F201AEC3B10BB6F16BA0F BaseClass: NativeClass:/Script/Engine.SkeletalMeshActor Name:SkeletalMeshActor_UAID_9C7BEF26EE871FE001_1498544201 Label:MM_Idle10 SpatiallyLoaded:1 Bounds:IsValid=true, Min=(X=-8431.166 Y=-14338.648 Z=2130.529), Max=(X=-8359.247 Y=-14266.343 Z=2308.545) RuntimeGrid:None EditorOnly:0 RuntimeOnly:0 HLODRelevant:0
 |   |   |- Guid:F5E3FEB3450C49844FD93DA8E083C8AD BaseClass: NativeClass:/Script/Engine.PostProcessVolume Name:PostProcessVolume_0 Label:PostProcessVolume SpatiallyLoaded:0 Bounds:IsValid=true, Min=(X=0.000 Y=0.000 Z=400.000), Max=(X=200.000 Y=200.000 Z=600.000) RuntimeGrid:None EditorOnly:0 RuntimeOnly:0 HLODRelevant:0 FolderPath:Lighting FolderGuid:963EC3EB4002CCE9759E2EBA541A873A
 |   |   |- Guid:FCBEA1D04E72AE466BEFB99558B2622E BaseClass: NativeClass:/Script/Landscape.LandscapeStreamingProxy Name:LandscapeStreamingProxy_30RK3DK7WLG6SBZSP99DEAPXE_126_1_0_0 Label:LandscapeStreamingProxy_1_0_0 SpatiallyLoaded:1 Bounds:IsValid=true, Min=(X=-12600.000 Y=-25200.000 Z=-1899.219), Max=(X=0.000 Y=-12600.000 Z=2130.469) RuntimeGrid:None EditorOnly:0 RuntimeOnly:0 HLODRelevant:1
 |   |- [+] Clusters:
 |   |   |- [+] [  0]
 |   |   |   |- Guid:6BAF4DDD444C60371492D3919DB42C97 BaseClass: NativeClass:/Script/Engine.WorldDataLayers Name:WorldDataLayers Label:WorldDataLayers SpatiallyLoaded:0 Bounds:IsValid=true, Min=(X=0.000 Y=0.000 Z=0.000), Max=(X=0.000 Y=0.000 Z=0.000) RuntimeGrid:None EditorOnly:0 RuntimeOnly:0 HLODRelevant:0
 |   |   |- [+] [  1]
 |   |   |   |- Guid:85DE80B64E3715815724DD81B7CDF1E9 BaseClass: NativeClass:/Script/Landscape.LandscapeStreamingProxy Name:LandscapeStreamingProxy_30RK3DK7WLG6SBZSP99DEAPXE_126_0_0_0 Label:LandscapeStreamingProxy_0_0_0 SpatiallyLoaded:1 Bounds:IsValid=true, Min=(X=-25200.000 Y=-25200.000 Z=-5107.031), Max=(X=-12600.000 Y=-12600.000 Z=-992.188) RuntimeGrid:None EditorOnly:0 RuntimeOnly:0 HLODRelevant:1
 |   |   |- [+] [  2]
 |   |   |   |- Guid:F5E3FEB3450C49844FD93DA8E083C8AD BaseClass: NativeClass:/Script/Engine.PostProcessVolume Name:PostProcessVolume_0 Label:PostProcessVolume SpatiallyLoaded:0 Bounds:IsValid=true, Min=(X=0.000 Y=0.000 Z=400.000), Max=(X=200.000 Y=200.000 Z=600.000) RuntimeGrid:None EditorOnly:0 RuntimeOnly:0 HLODRelevant:0 FolderPath:Lighting FolderGuid:963EC3EB4002CCE9759E2EBA541A873A
 |   |   |- [+] [  3]
 |   |   |   |- Guid:B558592A4DB3AF164FF17BAB1D17E610 BaseClass: NativeClass:/Script/Landscape.LandscapeStreamingProxy Name:LandscapeStreamingProxy_30RK3DK7WLG6SBZSP99DEAPXE_126_3_3_0 Label:LandscapeStreamingProxy_3_3_0 SpatiallyLoaded:1 Bounds:IsValid=true, Min=(X=12600.000 Y=12600.000 Z=-4389.062), Max=(X=25200.000 Y=25200.000 Z=-1797.656) RuntimeGrid:None EditorOnly:0 RuntimeOnly:0 HLODRelevant:1
 |   |   |- [+] [  4]
 |   |   |   |- Guid:AB1580654C573ACD172D8C9CC3CD4630 BaseClass: NativeClass:/Script/Landscape.LandscapeStreamingProxy Name:LandscapeStreamingProxy_30RK3DK7WLG6SBZSP99DEAPXE_126_1_1_0 Label:LandscapeStreamingProxy_1_1_0 SpatiallyLoaded:1 Bounds:IsValid=true, Min=(X=-12600.000 Y=-12600.000 Z=-1900.000), Max=(X=0.000 Y=0.000 Z=2130.469) RuntimeGrid:None EditorOnly:0 RuntimeOnly:0 HLODRelevant:1
 |   |   |- [+] [  5]
 |   |   |   |- Guid:5D88709A4A7DED0A1A9786860A745DB3 BaseClass: NativeClass:/Script/Landscape.LandscapeStreamingProxy Name:LandscapeStreamingProxy_30RK3DK7WLG6SBZSP99DEAPXE_126_2_0_0 Label:LandscapeStreamingProxy_2_0_0 SpatiallyLoaded:1 Bounds:IsValid=true, Min=(X=0.000 Y=-25200.000 Z=-1900.000), Max=(X=12600.000 Y=-12600.000 Z=489.844) RuntimeGrid:None EditorOnly:0 RuntimeOnly:0 HLODRelevant:1
 |   |   |- [+] [  6]
 |   |   |   |- Guid:47F744FE48BA16FF87734C92AEC6A6B0 BaseClass: NativeClass:/Script/Landscape.LandscapeStreamingProxy Name:LandscapeStreamingProxy_30RK3DK7WLG6SBZSP99DEAPXE_126_2_3_0 Label:LandscapeStreamingProxy_2_3_0 SpatiallyLoaded:1 Bounds:IsValid=true, Min=(X=0.000 Y=12600.000 Z=-3301.562), Max=(X=12600.000 Y=25200.000 Z=-1893.750) RuntimeGrid:None EditorOnly:0 RuntimeOnly:0 HLODRelevant:1
 |   |   |- [+] [  7]
 |   |   |   |- Guid:4D3BE93F4146AAAC8BBE79999D96D57F BaseClass: NativeClass:/Script/Engine.VolumetricCloud Name:VolumetricCloud_0 Label:VolumetricCloud SpatiallyLoaded:0 Bounds:IsValid=true, Min=(X=0.000 Y=0.000 Z=820.000), Max=(X=0.000 Y=0.000 Z=820.000) RuntimeGrid:None EditorOnly:0 RuntimeOnly:0 HLODRelevant:0 FolderPath:Lighting FolderGuid:963EC3EB4002CCE9759E2EBA541A873A
 |   |   |- [+] [  8]
 |   |   |   |- Guid:CCFF262C46EEFFDF319E7F9539CE697E BaseClass: NativeClass:/Script/Engine.SkyAtmosphere Name:SkyAtmosphere_0 Label:SkyAtmosphere SpatiallyLoaded:0 Bounds:IsValid=true, Min=(X=0.000 Y=0.000 Z=1020.000), Max=(X=0.000 Y=0.000 Z=1020.000) RuntimeGrid:None EditorOnly:0 RuntimeOnly:0 HLODRelevant:0 FolderPath:Lighting FolderGuid:963EC3EB4002CCE9759E2EBA541A873A
 |   |   |- [+] [  9]
 |   |   |   |- Guid:EC4E0C944CE6AC6E784BC6BB2916EA13 BaseClass: NativeClass:/Script/Engine.StaticMeshActor Name:StaticMeshActor_UAID_A4AE111137DC5EFB00_1110535423 Label:SM_SkySphere SpatiallyLoaded:0 Bounds:IsValid=true, Min=(X=-1638400.000 Y=-1638400.000 Z=-1638400.000), Max=(X=1638400.000 Y=1638400.000 Z=1638400.000) RuntimeGrid:None EditorOnly:0 RuntimeOnly:0 HLODRelevant:1 FolderPath:Lighting FolderGuid:963EC3EB4002CCE9759E2EBA541A873A
 |   |   |- [+] [ 10]
 |   |   |   |- Guid:607AAA44478575A30EDB9AAFA99828CC BaseClass: NativeClass:/Script/Landscape.LandscapeStreamingProxy Name:LandscapeStreamingProxy_30RK3DK7WLG6SBZSP99DEAPXE_126_3_0_0 Label:LandscapeStreamingProxy_3_0_0 SpatiallyLoaded:1 Bounds:IsValid=true, Min=(X=12600.000 Y=-25200.000 Z=-1997.656), Max=(X=25200.000 Y=-12600.000 Z=-1797.656) RuntimeGrid:None EditorOnly:0 RuntimeOnly:0 HLODRelevant:1
 |   |   |- [+] [ 11]
 |   |   |   |- Guid:B785ED2844B84CFB91E7F39FE661CD99 BaseClass: NativeClass:/Script/Engine.DirectionalLight Name:DirectionalLight_0 Label:DirectionalLight SpatiallyLoaded:0 Bounds:IsValid=true, Min=(X=-4398046511104.000 Y=-4398046511104.000 Z=-4398046511104.000), Max=(X=4398046511104.000 Y=4398046511104.000 Z=4398046511104.000) RuntimeGrid:None EditorOnly:0 RuntimeOnly:0 HLODRelevant:0 FolderPath:Lighting FolderGuid:963EC3EB4002CCE9759E2EBA541A873A
 |   |   |- [+] [ 12]
 |   |   |   |- Guid:316CF2A6494ACA4C0E4180A87D36AB8F BaseClass: NativeClass:/Script/Engine.ExponentialHeightFog Name:ExponentialHeightFog_0 Label:ExponentialHeightFog SpatiallyLoaded:0 Bounds:IsValid=true, Min=(X=-5600.000 Y=-50.000 Z=-6850.000), Max=(X=-5600.000 Y=-50.000 Z=-6850.000) RuntimeGrid:None EditorOnly:0 RuntimeOnly:0 HLODRelevant:0 FolderPath:Lighting FolderGuid:963EC3EB4002CCE9759E2EBA541A873A
 |   |   |- [+] [ 13]
 |   |   |   |- Guid:D00375C440CA5B67975A2D8AB50EF760 BaseClass: NativeClass:/Script/Landscape.LandscapeStreamingProxy Name:LandscapeStreamingProxy_30RK3DK7WLG6SBZSP99DEAPXE_126_1_3_0 Label:LandscapeStreamingProxy_1_3_0 SpatiallyLoaded:1 Bounds:IsValid=true, Min=(X=-12600.000 Y=12600.000 Z=-8440.625), Max=(X=0.000 Y=25200.000 Z=-1897.656) RuntimeGrid:None EditorOnly:0 RuntimeOnly:0 HLODRelevant:1
 |   |   |- [+] [ 14]
 |   |   |   |- Guid:189793EC4AB6FFD4EE4BDA95C958992B BaseClass: NativeClass:/Script/Landscape.LandscapeStreamingProxy Name:LandscapeStreamingProxy_30RK3DK7WLG6SBZSP99DEAPXE_126_0_1_0 Label:LandscapeStreamingProxy_0_1_0 SpatiallyLoaded:1 Bounds:IsValid=true, Min=(X=-25200.000 Y=-12600.000 Z=-1900.000), Max=(X=-12600.000 Y=0.000 Z=-1542.188) RuntimeGrid:None EditorOnly:0 RuntimeOnly:0 HLODRelevant:1
 |   |   |- [+] [ 15]
 |   |   |   |- Guid:2FB58999456391D349DC0F86DAC136ED BaseClass: NativeClass:/Script/Engine.SkyLight Name:SkyLight_1 Label:SkyLight SpatiallyLoaded:0 Bounds:IsValid=true, Min=(X=0.000 Y=0.000 Z=690.000), Max=(X=0.000 Y=0.000 Z=690.000) RuntimeGrid:None EditorOnly:0 RuntimeOnly:0 HLODRelevant:0 FolderPath:Lighting FolderGuid:963EC3EB4002CCE9759E2EBA541A873A
 |   |   |- [+] [ 16]
 |   |   |   |- Guid:23E48D084612A321CCB38EA86AA11749 BaseClass: NativeClass:/Script/Landscape.LandscapeStreamingProxy Name:LandscapeStreamingProxy_30RK3DK7WLG6SBZSP99DEAPXE_126_0_3_0 Label:LandscapeStreamingProxy_0_3_0 SpatiallyLoaded:1 Bounds:IsValid=true, Min=(X=-25200.000 Y=12600.000 Z=-3985.156), Max=(X=-12600.000 Y=25200.000 Z=-1797.656) RuntimeGrid:None EditorOnly:0 RuntimeOnly:0 HLODRelevant:1
 |   |   |- [+] [ 17]
 |   |   |   |- Guid:FCBEA1D04E72AE466BEFB99558B2622E BaseClass: NativeClass:/Script/Landscape.LandscapeStreamingProxy Name:LandscapeStreamingProxy_30RK3DK7WLG6SBZSP99DEAPXE_126_1_0_0 Label:LandscapeStreamingProxy_1_0_0 SpatiallyLoaded:1 Bounds:IsValid=true, Min=(X=-12600.000 Y=-25200.000 Z=-1899.219), Max=(X=0.000 Y=-12600.000 Z=2130.469) RuntimeGrid:None EditorOnly:0 RuntimeOnly:0 HLODRelevant:1
 |   |   |- [+] [ 18]
 |   |   |   |- Guid:80AEA92B40EDEF4591D71CA0D72AB401 BaseClass: NativeClass:/Script/Landscape.LandscapeStreamingProxy Name:LandscapeStreamingProxy_30RK3DK7WLG6SBZSP99DEAPXE_126_2_1_0 Label:LandscapeStreamingProxy_2_1_0 SpatiallyLoaded:1 Bounds:IsValid=true, Min=(X=0.000 Y=-12600.000 Z=-1900.000), Max=(X=12600.000 Y=0.000 Z=489.844) RuntimeGrid:None EditorOnly:0 RuntimeOnly:0 HLODRelevant:1
 |   |   |- [+] [ 19]
 |   |   |   |- Guid:74D40BA54A4F7C1CCCC76687279DF42B BaseClass: NativeClass:/Script/Landscape.LandscapeStreamingProxy Name:LandscapeStreamingProxy_30RK3DK7WLG6SBZSP99DEAPXE_126_2_2_0 Label:LandscapeStreamingProxy_2_2_0 SpatiallyLoaded:1 Bounds:IsValid=true, Min=(X=0.000 Y=0.000 Z=-1900.000), Max=(X=12600.000 Y=12600.000 Z=-1867.188) RuntimeGrid:None EditorOnly:0 RuntimeOnly:0 HLODRelevant:1
 |   |   |- [+] [ 20]
 |   |   |   |- Guid:8035931A42464A5EEF8E05A35FBF3465 BaseClass: NativeClass:/Script/Landscape.Landscape Name:Landscape_UAID_9C7BEF26EE8717E001_1350195751 Label:Landscape SpatiallyLoaded:0 Bounds:IsValid=true, Min=(X=-25200.000 Y=-25200.000 Z=100.000), Max=(X=-25200.000 Y=-25200.000 Z=100.000) RuntimeGrid:None EditorOnly:0 RuntimeOnly:0 HLODRelevant:0
 |   |   |   |- Guid:6717DD1A4A9ED2C601736EBFF3E68600 BaseClass: NativeClass:/Script/WaterEditor.WaterBrushManager Name:Landscape_WaterBrushManager_0 Label:Landscape_WaterBrushManager SpatiallyLoaded:0 Bounds:IsValid=true, Min=(X=0.000 Y=0.000 Z=100.000), Max=(X=350.000 Y=350.000 Z=50000.000) RuntimeGrid:None EditorOnly:0 RuntimeOnly:0 HLODRelevant:0
 |   |   |- [+] [ 21]
 |   |   |   |- Guid:81A768DF471D43B705348EA3D4117FEA BaseClass: NativeClass:/Script/Landscape.LandscapeStreamingProxy Name:LandscapeStreamingProxy_30RK3DK7WLG6SBZSP99DEAPXE_126_3_1_0 Label:LandscapeStreamingProxy_3_1_0 SpatiallyLoaded:1 Bounds:IsValid=true, Min=(X=12600.000 Y=-12600.000 Z=-1997.656), Max=(X=25200.000 Y=0.000 Z=-1797.656) RuntimeGrid:None EditorOnly:0 RuntimeOnly:0 HLODRelevant:1
 |   |   |- [+] [ 22]
 |   |   |   |- Guid:26FF41C74452F7213FB10E92E7D5FB5B BaseClass: NativeClass:/Script/Landscape.LandscapeStreamingProxy Name:LandscapeStreamingProxy_30RK3DK7WLG6SBZSP99DEAPXE_126_0_2_0 Label:LandscapeStreamingProxy_0_2_0 SpatiallyLoaded:1 Bounds:IsValid=true, Min=(X=-25200.000 Y=0.000 Z=-1899.219), Max=(X=-12600.000 Y=12600.000 Z=-1897.656) RuntimeGrid:None EditorOnly:0 RuntimeOnly:0 HLODRelevant:1
 |   |   |- [+] [ 23]
 |   |   |   |- Guid:8AEBD6334E0795631C9A31BA66EE5FB1 BaseClass: NativeClass:/Script/Landscape.LandscapeStreamingProxy Name:LandscapeStreamingProxy_30RK3DK7WLG6SBZSP99DEAPXE_126_3_2_0 Label:LandscapeStreamingProxy_3_2_0 SpatiallyLoaded:1 Bounds:IsValid=true, Min=(X=12600.000 Y=0.000 Z=-1997.656), Max=(X=25200.000 Y=12600.000 Z=-1797.656) RuntimeGrid:None EditorOnly:0 RuntimeOnly:0 HLODRelevant:1
 |   |   |- [+] [ 24]
 |   |   |   |- Guid:3D480F39423D2C540AAFABBDBCF41BA1 BaseClass: NativeClass:/Script/Landscape.LandscapeStreamingProxy Name:LandscapeStreamingProxy_30RK3DK7WLG6SBZSP99DEAPXE_126_1_2_0 Label:LandscapeStreamingProxy_1_2_0 SpatiallyLoaded:1 Bounds:IsValid=true, Min=(X=-12600.000 Y=0.000 Z=-1998.438), Max=(X=0.000 Y=12600.000 Z=1271.094) RuntimeGrid:None EditorOnly:0 RuntimeOnly:0 HLODRelevant:1
 |   |   |- [+] [ 25]
 |   |   |   |- Guid:D7B4A68C4421F0F5426F27885BFE587B BaseClass: NativeClass:/Script/Water.WaterZone Name:WaterZone_UAID_9C7BEF26EE8717E001_1530662752 Label:WaterZone SpatiallyLoaded:0 Bounds:IsValid=true, Min=(X=-25200.000 Y=-25200.000 Z=-25200.000), Max=(X=25200.000 Y=25200.000 Z=25200.000) RuntimeGrid:None EditorOnly:0 RuntimeOnly:0 HLODRelevant:0
 |   |   |- [+] [ 26]
 |   |   |   |- Guid:645A1F754F3B986CB778FFAFD6759AE4 BaseClass: NativeClass:/Script/Water.WaterBodyOcean Name:WaterBodyOcean_UAID_9C7BEF26EE8717E001_1530558751 Label:WaterBodyOcean SpatiallyLoaded:0 Bounds:IsValid=true, Min=(X=-33932.000 Y=-17065.143 Z=-19900.000), Max=(X=16468.000 Y=39829.000 Z=100.000) RuntimeGrid:None EditorOnly:0 RuntimeOnly:0 HLODRelevant:1
 |   |   |- [+] [ 27]
 |   |   |   |- Guid:D15E10DC4691B500A247D6AB211FA6CA BaseClass: NativeClass:/Script/Engine.SkeletalMeshActor Name:SkeletalMeshActor_UAID_9C7BEF26EE871DE001_1906703816 Label:MM_Idle2 SpatiallyLoaded:1 Bounds:IsValid=true, Min=(X=-47.345 Y=-13029.495 Z=489.435), Max=(X=54.649 Y=-12927.339 Z=703.054) RuntimeGrid:None EditorOnly:0 RuntimeOnly:0 HLODRelevant:0
 |   |   |- [+] [ 28]
 |   |   |   |- Guid:1609D9EA4B1622E25B3CDB9EB4CEA28C BaseClass: NativeClass:/Script/Engine.SkeletalMeshActor Name:SkeletalMeshActor_UAID_9C7BEF26EE871DE001_1924954817 Label:MM_Idle3 SpatiallyLoaded:1 Bounds:IsValid=true, Min=(X=-4994.002 Y=-18019.878 Z=2129.529), Max=(X=-4921.696 Y=-17947.958 Z=2307.545) RuntimeGrid:None EditorOnly:0 RuntimeOnly:0 HLODRelevant:0
 |   |   |- [+] [ 29]
 |   |   |   |- Guid:A1498E7C4A4B85D48E7BFC9C2E894AEF BaseClass: NativeClass:/Script/Engine.SkeletalMeshActor Name:SkeletalMeshActor_UAID_9C7BEF26EE871DE001_2038144826 Label:MM_Jump5 SpatiallyLoaded:1 Bounds:IsValid=true, Min=(X=-4575.352 Y=-1205.608 Z=900.036), Max=(X=-4504.371 Y=-1144.098 Z=1045.768) RuntimeGrid:None EditorOnly:0 RuntimeOnly:0 HLODRelevant:0
 |   |   |- [+] [ 30]
 |   |   |   |- Guid:6A3EA1F5486FE5651876B3852FFA7154 BaseClass: NativeClass:/Script/Engine.SkeletalMeshActor Name:SkeletalMeshActor_UAID_9C7BEF26EE871DE001_2039170827 Label:MM_Jump6 SpatiallyLoaded:1 Bounds:IsValid=true, Min=(X=-4571.792 Y=-1091.138 Z=1306.690), Max=(X=-4472.302 Y=-988.877 Z=1454.709) RuntimeGrid:None EditorOnly:0 RuntimeOnly:0 HLODRelevant:0
 |   |   |- [+] [ 31]
 |   |   |   |- Guid:C6A9762344BA3ECA09BFB683405D185C BaseClass: NativeClass:/Script/Engine.SkeletalMeshActor Name:SkeletalMeshActor_UAID_9C7BEF26EE871DE001_1886784815 Label:MM_Idle SpatiallyLoaded:1 Bounds:IsValid=true, Min=(X=-207.649 Y=-13016.661 Z=489.435), Max=(X=-105.655 Y=-12914.505 Z=703.054) RuntimeGrid:None EditorOnly:0 RuntimeOnly:0 HLODRelevant:0
 |   |   |- [+] [ 32]
 |   |   |   |- Guid:58CBDD79449895B81E5152B67AC9C1FF BaseClass: NativeClass:/Script/Engine.PlayerStart Name:PlayerStart_UAID_9C7BEF26EE871DE001_1584297814 Label:PlayerStart SpatiallyLoaded:0 Bounds:IsValid=true, Min=(X=12.518 Y=-13077.482 Z=490.000), Max=(X=123.482 Y=-12966.518 Z=674.000) RuntimeGrid:None EditorOnly:0 RuntimeOnly:0 HLODRelevant:0
 |   |   |- [+] [ 33]
 |   |   |   |- Guid:5697C0B9411BEA30A1246A8D2801E886 BaseClass: NativeClass:/Script/Engine.PointLight Name:PointLight_UAID_9C7BEF26EE871EE001_2057237014 Label:PointLight SpatiallyLoaded:1 Bounds:IsValid=true, Min=(X=-10858.397 Y=-17146.397 Z=-533.397), Max=(X=-4789.603 Y=-11077.603 Z=5535.397) RuntimeGrid:None EditorOnly:0 RuntimeOnly:0 HLODRelevant:0
 |   |   |- [+] [ 34]
 |   |   |   |- Guid:13FBE79240EE7E8B54457B9E7E5C4BFC BaseClass: NativeClass:/Script/Engine.StaticMeshActor Name:StaticMeshActor_UAID_9C7BEF26EE871FE001_1102549191 Label:Cube SpatiallyLoaded:1 Bounds:IsValid=true, Min=(X=-8855.467 Y=-15685.686 Z=2145.000), Max=(X=-6118.533 Y=-13882.314 Z=2295.000) RuntimeGrid:None EditorOnly:0 RuntimeOnly:0 HLODRelevant:1
 |   |   |- [+] [ 35]
 |   |   |   |- Guid:DA40E430448DE76D81E4B98434332E3C BaseClass: NativeClass:/Script/Engine.SkeletalMeshActor Name:SkeletalMeshActor_UAID_9C7BEF26EE871DE001_2042198828 Label:MM_Jump7 SpatiallyLoaded:1 Bounds:IsValid=true, Min=(X=-4723.610 Y=-2232.282 Z=1271.094), Max=(X=-4635.903 Y=-2140.687 Z=1416.826) RuntimeGrid:None EditorOnly:0 RuntimeOnly:0 HLODRelevant:0
 |   |   |- [+] [ 36]
 |   |   |   |- Guid:9521C4794C3A6FDA0B2DB7A323EC96F4 BaseClass: NativeClass:/Script/Engine.SkeletalMeshActor Name:SkeletalMeshActor_UAID_9C7BEF26EE871DE001_2030103822 Label:MM_Jump SpatiallyLoaded:1 Bounds:IsValid=true, Min=(X=-5099.881 Y=-2806.314 Z=1287.053), Max=(X=-5034.265 Y=-2716.816 Z=1448.834) RuntimeGrid:None EditorOnly:0 RuntimeOnly:0 HLODRelevant:0
 |   |   |- [+] [ 37]
 |   |   |   |- Guid:45B33C224E89F47E159117A7D64E2308 BaseClass: NativeClass:/Script/Engine.SkeletalMeshActor Name:SkeletalMeshActor_UAID_9C7BEF26EE871DE001_2034249823 Label:MM_Jump2 SpatiallyLoaded:1 Bounds:IsValid=true, Min=(X=-4985.752 Y=-1852.645 Z=1287.053), Max=(X=-4881.472 Y=-1741.776 Z=1448.834) RuntimeGrid:None EditorOnly:0 RuntimeOnly:0 HLODRelevant:0
 |   |   |- [+] [ 38]
 |   |   |   |- Guid:042C789D4A50C9B75D6C10B183E6C3AC BaseClass: NativeClass:/Script/Engine.SkeletalMeshActor Name:SkeletalMeshActor_UAID_9C7BEF26EE871DE001_2035330824 Label:MM_Jump3 SpatiallyLoaded:1 Bounds:IsValid=true, Min=(X=-5226.877 Y=-2269.664 Z=1289.300), Max=(X=-5113.512 Y=-2152.759 Z=1448.607) RuntimeGrid:None EditorOnly:0 RuntimeOnly:0 HLODRelevant:0
 |   |   |- [+] [ 39]
 |   |   |   |- Guid:3B4AFC554F8EF7D2447EADA0EA8E6805 BaseClass: NativeClass:/Script/Engine.SkeletalMeshActor Name:SkeletalMeshActor_UAID_9C7BEF26EE871DE001_2036956825 Label:MM_Jump4 SpatiallyLoaded:1 Bounds:IsValid=true, Min=(X=-4575.584 Y=-1585.014 Z=1292.584), Max=(X=-4464.219 Y=-1477.477 Z=1470.231) RuntimeGrid:None EditorOnly:0 RuntimeOnly:0 HLODRelevant:0
 |   |   |- [+] [ 40]
 |   |   |   |- Guid:08CBCC3546B50AB1B76C32A052729F11 BaseClass: NativeClass:/Script/Engine.TriggerBox Name:TriggerBox_UAID_9C7BEF26EE871EE001_1355937010 Label:CaillouxGauxheHaut SpatiallyLoaded:1 Bounds:IsValid=true, Min=(X=-7595.220 Y=-378.707 Z=1231.000), Max=(X=-4728.780 Y=2252.707 Z=1311.000) RuntimeGrid:None EditorOnly:0 RuntimeOnly:0 HLODRelevant:0
 |   |   |- [+] [ 41]
 |   |   |   |- Guid:C06A3DB04AD49B1A305FAD810D748828 BaseClass: NativeClass:/Script/Engine.TriggerBox Name:TriggerBox_UAID_9C7BEF26EE871EE001_1088697005 Label:TentaculeMillieu SpatiallyLoaded:1 Bounds:IsValid=true, Min=(X=-8690.853 Y=-3172.685 Z=1231.000), Max=(X=-3231.147 Y=830.685 Z=1311.000) RuntimeGrid:None EditorOnly:0 RuntimeOnly:0 HLODRelevant:0
 |   |   |- [+] [ 42]
 |   |   |   |- Guid:39F20157456FC6CC9FDB3E87140147D3 BaseClass: NativeClass:/Script/Engine.TriggerBox Name:TriggerBox_UAID_9C7BEF26EE871EE001_1124976006 Label:TentaculeDroite SpatiallyLoaded:1 Bounds:IsValid=true, Min=(X=-9337.144 Y=-4678.673 Z=1231.000), Max=(X=-4360.856 Y=-831.327 Z=1311.000) RuntimeGrid:None EditorOnly:0 RuntimeOnly:0 HLODRelevant:0
 |   |   |- [+] [ 43]
 |   |   |   |- Guid:34C101744ACF62438A5F63A11239CF07 BaseClass: NativeClass:/Script/Engine.TriggerBox Name:TriggerBox_UAID_9C7BEF26EE871EE001_1128069007 Label:TentaculeGauche SpatiallyLoaded:1 Bounds:IsValid=true, Min=(X=-7601.146 Y=-1486.938 Z=1231.000), Max=(X=-2690.854 Y=2236.938 Z=1311.000) RuntimeGrid:None EditorOnly:0 RuntimeOnly:0 HLODRelevant:0
 |   |   |- [+] [ 44]
 |   |   |   |- Guid:E905A57F451BF1FB2469258C219D276E BaseClass: NativeClass:/Script/Engine.TriggerBox Name:TriggerBox_UAID_9C7BEF26EE871EE001_1298393008 Label:CaillouxDroitHaut SpatiallyLoaded:1 Bounds:IsValid=true, Min=(X=-9351.218 Y=-3597.442 Z=1231.000), Max=(X=-6418.782 Y=-842.558 Z=1311.000) RuntimeGrid:None EditorOnly:0 RuntimeOnly:0 HLODRelevant:0
 |   |   |- [+] [ 45]
 |   |   |   |- Guid:409069A34EDD5EDA402546A8468C85B1 BaseClass: NativeClass:/Script/Engine.TriggerBox Name:TriggerBox_UAID_9C7BEF26EE871EE001_1324804009 Label:CaillouxDroitBas SpatiallyLoaded:1 Bounds:IsValid=true, Min=(X=-7287.218 Y=-4686.442 Z=1231.000), Max=(X=-4354.782 Y=-1931.558 Z=1311.000) RuntimeGrid:None EditorOnly:0 RuntimeOnly:0 HLODRelevant:0
 |   |   |- [+] [ 46]
 |   |   |   |- Guid:D09465644DF0756149BDD381D2DDE911 BaseClass: NativeClass:/Script/Engine.TriggerBox Name:TriggerBox_UAID_9C7BEF26EE871EE001_1378331011 Label:Cailloux GauxheBas SpatiallyLoaded:1 Bounds:IsValid=true, Min=(X=-5542.220 Y=-1473.707 Z=1231.000), Max=(X=-2675.780 Y=1157.707 Z=1311.000) RuntimeGrid:None EditorOnly:0 RuntimeOnly:0 HLODRelevant:0
 |   |   |- [+] [ 47]
 |   |   |   |- Guid:78583AD54699E23B6D069B99C0104A1C BaseClass: NativeClass:/Script/Engine.TriggerBox Name:TriggerBox_UAID_9C7BEF26EE871EE001_1430799012 Label:CaillouxMillieuHaut SpatiallyLoaded:1 Bounds:IsValid=true, Min=(X=-8674.922 Y=-1930.620 Z=1231.000), Max=(X=-5539.078 Y=830.620 Z=1311.000) RuntimeGrid:None EditorOnly:0 RuntimeOnly:0 HLODRelevant:0
 |   |   |- [+] [ 48]
 |   |   |   |- Guid:3902928E4433C91011C5F8BAA5D791D1 BaseClass: NativeClass:/Script/Engine.TriggerBox Name:TriggerBox_UAID_9C7BEF26EE871EE001_1440604013 Label:CaillouxMillieuBas SpatiallyLoaded:1 Bounds:IsValid=true, Min=(X=-6356.922 Y=-3182.620 Z=1231.000), Max=(X=-3221.078 Y=-421.380 Z=1311.000) RuntimeGrid:None EditorOnly:0 RuntimeOnly:0 HLODRelevant:0
 |   |   |- [+] [ 49]
 |   |   |   |- Guid:DA05213B42961E09E7ABE39F435BF019 BaseClass: NativeClass:/Script/Engine.SkeletalMeshActor Name:SkeletalMeshActor_UAID_9C7BEF26EE871FE001_1498632204 Label:MM_Idle13 SpatiallyLoaded:1 Bounds:IsValid=true, Min=(X=-8850.054 Y=-13434.113 Z=2130.529), Max=(X=-8778.135 Y=-13361.807 Z=2308.545) RuntimeGrid:None EditorOnly:0 RuntimeOnly:0 HLODRelevant:0
 |   |   |- [+] [ 50]
 |   |   |   |- Guid:F435AC8C464F201AEC3B10BB6F16BA0F BaseClass: NativeClass:/Script/Engine.SkeletalMeshActor Name:SkeletalMeshActor_UAID_9C7BEF26EE871FE001_1498544201 Label:MM_Idle10 SpatiallyLoaded:1 Bounds:IsValid=true, Min=(X=-8431.166 Y=-14338.648 Z=2130.529), Max=(X=-8359.247 Y=-14266.343 Z=2308.545) RuntimeGrid:None EditorOnly:0 RuntimeOnly:0 HLODRelevant:0
 |   |   |- [+] [ 51]
 |   |   |   |- Guid:78955D3943FD57954A39D4ABF13A73F6 BaseClass: NativeClass:/Script/Engine.StaticMeshActor Name:StaticMeshActor_UAID_9C7BEF26EE871FE001_1291972194 Label:Cube3 SpatiallyLoaded:1 Bounds:IsValid=true, Min=(X=-8844.798 Y=-14922.140 Z=1592.000), Max=(X=-7763.202 Y=-14435.860 Z=2992.000) RuntimeGrid:None EditorOnly:0 RuntimeOnly:0 HLODRelevant:1
 |   |   |- [+] [ 52]
 |   |   |   |- Guid:9CC75B4B4EC737A02B66F4A65A88D642 BaseClass: NativeClass:/Script/Engine.StaticMeshActor Name:StaticMeshActor_UAID_9C7BEF26EE871FE001_1384294195 Label:Cube4 SpatiallyLoaded:1 Bounds:IsValid=true, Min=(X=-7511.798 Y=-14374.140 Z=1592.000), Max=(X=-6430.202 Y=-13887.860 Z=2992.000) RuntimeGrid:None EditorOnly:0 RuntimeOnly:0 HLODRelevant:1
 |   |   |- [+] [ 53]
 |   |   |   |- Guid:6D9EB74A43D8488524B7D9B5DC31BC52 BaseClass: NativeClass:/Script/Engine.SkeletalMeshActor Name:SkeletalMeshActor_UAID_9C7BEF26EE871FE001_1498631203 Label:MM_Idle12 SpatiallyLoaded:1 Bounds:IsValid=true, Min=(X=-8720.718 Y=-13723.114 Z=2130.529), Max=(X=-8648.798 Y=-13650.809 Z=2308.545) RuntimeGrid:None EditorOnly:0 RuntimeOnly:0 HLODRelevant:0
 |   |   |- [+] [ 54]
 |   |   |   |- Guid:C9E7EFEE473F428DF56FB1919E931892 BaseClass: NativeClass:/Script/Engine.SkeletalMeshActor Name:SkeletalMeshActor_UAID_9C7BEF26EE871FE001_1417803196 Label:MM_Idle6 SpatiallyLoaded:1 Bounds:IsValid=true, Min=(X=-7475.680 Y=-12936.830 Z=2130.529), Max=(X=-7406.226 Y=-12866.962 Z=2308.545) RuntimeGrid:None EditorOnly:0 RuntimeOnly:0 HLODRelevant:0
 |   |   |- [+] [ 55]
 |   |   |   |- Guid:91037078403C3FA8EFE75CB8A0813755 BaseClass: NativeClass:/Script/Engine.SkeletalMeshActor Name:SkeletalMeshActor_UAID_9C7BEF26EE871FE001_1461783197 Label:MM_Idle7 SpatiallyLoaded:1 Bounds:IsValid=true, Min=(X=-7348.680 Y=-13236.830 Z=2130.529), Max=(X=-7279.226 Y=-13166.962 Z=2308.545) RuntimeGrid:None EditorOnly:0 RuntimeOnly:0 HLODRelevant:0
 |   |   |- [+] [ 56]
 |   |   |   |- Guid:5B7872214BC9F5B157AF74858CC1D372 BaseClass: NativeClass:/Script/Engine.SkeletalMeshActor Name:SkeletalMeshActor_UAID_9C7BEF26EE871FE001_1498630202 Label:MM_Idle11 SpatiallyLoaded:1 Bounds:IsValid=true, Min=(X=-8572.734 Y=-14045.241 Z=2130.529), Max=(X=-8500.814 Y=-13972.936 Z=2308.545) RuntimeGrid:None EditorOnly:0 RuntimeOnly:0 HLODRelevant:0
 |   |   |- [+] [ 57]
 |   |   |   |- Guid:80FA8AB546BEDBFB87122CAF8B465B57 BaseClass: NativeClass:/Script/Engine.SkeletalMeshActor Name:SkeletalMeshActor_UAID_9C7BEF26EE871FE001_1481769199 Label:MM_Idle8 SpatiallyLoaded:1 Bounds:IsValid=true, Min=(X=-7216.680 Y=-13565.830 Z=2130.529), Max=(X=-7147.226 Y=-13495.962 Z=2308.545) RuntimeGrid:None EditorOnly:0 RuntimeOnly:0 HLODRelevant:0
 |   |   |- [+] [ 58]
 |   |   |   |- Guid:B0E1AA1D429550752F6A7C9319711D94 BaseClass: NativeClass:/Script/Engine.SkeletalMeshActor Name:SkeletalMeshActor_UAID_9C7BEF26EE871FE001_1490688200 Label:MM_Idle9 SpatiallyLoaded:1 Bounds:IsValid=true, Min=(X=-7101.680 Y=-13860.830 Z=2130.529), Max=(X=-7032.226 Y=-13790.962 Z=2308.545) RuntimeGrid:None EditorOnly:0 RuntimeOnly:0 HLODRelevant:0
 |   |   |- [+] [ 59]
 |   |   |   |- Guid:139F66F74B990D469F5D85B1856A68FE BaseClass: NativeClass:/Script/Engine.SkeletalMeshActor Name:SkeletalMeshActor_UAID_9C7BEF26EE871FE001_1563275206 Label:MM_Idle15 SpatiallyLoaded:1 Bounds:IsValid=true, Min=(X=-8465.333 Y=-13157.593 Z=2130.529), Max=(X=-8403.761 Y=-13096.512 Z=2308.545) RuntimeGrid:None EditorOnly:0 RuntimeOnly:0 HLODRelevant:0
 |   |   |- [+] [ 60]
 |   |   |   |- Guid:37E47AA641D5079651F30B9AEC8B2EB1 BaseClass: NativeClass:/Script/Engine.SkeletalMeshActor Name:SkeletalMeshActor_UAID_9C7BEF26EE871FE001_1558781205 Label:MM_Idle14 SpatiallyLoaded:1 Bounds:IsValid=true, Min=(X=-7933.333 Y=-12914.593 Z=2130.529), Max=(X=-7871.761 Y=-12853.512 Z=2308.545) RuntimeGrid:None EditorOnly:0 RuntimeOnly:0 HLODRelevant:0
 |- ContainerInstances:
 |- [+] MainContainer:
 |   |-        ID: 0x0000000000000000
 |   |-    Bounds: IsValid=false, Min=(X=0.000 Y=0.000 Z=0.000), Max=(X=0.000 Y=0.000 Z=0.000)
 |   |- Transform: 0.000000,0.000000,0.000000|0.000000,0.000000,-0.000000|1.000000,1.000000,1.000000
 |   |- Container: /Game/ThirdPerson/Maps/ThirdPersonMap
----------------------------------------------------------------------------------------------------------------
ThirdPersonMap - Persistent Level
----------------------------------------------------------------------------------------------------------------
Always loaded Actor Count: 176 

----------------------------------------------------------------------------------------------------------------
ThirdPersonMap - Runtime Spatial Hash - Streaming Grid - MainGrid
----------------------------------------------------------------------------------------------------------------
            Origin: X=0.000 Y=0.000 Z=0.000
         Cell Size: 12800
      World Bounds: IsValid=false, Min=(X=0.000 Y=0.000 Z=0.000), Max=(X=0.000 Y=0.000 Z=0.000)
     Loading Range: 25600.00
Block Slow Loading: No
 ClientOnlyVisible: No

[+] Grid Levels: 1
 |- Level  0: Cell Count    0 | Cell Size   12800 | Actor Count    0 (0.0%)

[+] Content of Grid Level 0

