[+] Containers:
 |- [+] Container: /Game/ThirdPerson/Maps/ThirdPersonMap
 |   |- [+] ActorDescs:
 |   |   |- Guid:042C789D4A50C9B75D6C10B183E6C3AC BaseClass: NativeClass:/Script/Engine.SkeletalMeshActor Name:SkeletalMeshActor_UAID_9C7BEF26EE871DE001_2035330824 Label:MM_Jump3 SpatiallyLoaded:1 Bounds:IsValid=true, Min=(X=-5226.877 Y=-2269.664 Z=1289.300), Max=(X=-5113.512 Y=-2152.759 Z=1448.607) RuntimeGrid:None EditorOnly:0 RuntimeOnly:0 HLODRelevant:0
 |   |   |- Guid:0687C4F6412F2E42F776299F86B0E15C BaseClass: NativeClass:/Script/Engine.StaticMeshActor Name:StaticMeshActor_UAID_9C7BEF26EE871FE001_1970380212 Label:Cube9 SpatiallyLoaded:1 Bounds:IsValid=true, Min=(X=857.249 Y=-12291.751 Z=489.844), Max=(X=1026.751 Y=-12122.249 Z=609.844) RuntimeGrid:None EditorOnly:0 RuntimeOnly:0 HLODRelevant:1
 |   |   |- Guid:13FBE79240EE7E8B54457B9E7E5C4BFC BaseClass: NativeClass:/Script/Engine.StaticMeshActor Name:StaticMeshActor_UAID_9C7BEF26EE871FE001_1102549191 Label:Cube SpatiallyLoaded:1 Bounds:IsValid=true, Min=(X=-8855.467 Y=-15685.686 Z=2145.000), Max=(X=-6118.533 Y=-13882.314 Z=2295.000) RuntimeGrid:None EditorOnly:0 RuntimeOnly:0 HLODRelevant:1
 |   |   |- Guid:17BE2C9440A2CF78D05AE79ADC74DCEF BaseClass: NativeClass:/Script/Engine.StaticMeshActor Name:StaticMeshActor_UAID_9C7BEF26EE871FE001_1978841215 Label:Cube12 SpatiallyLoaded:1 Bounds:IsValid=true, Min=(X=1558.166 Y=-12063.834 Z=489.844), Max=(X=1707.834 Y=-11914.166 Z=609.844) RuntimeGrid:None EditorOnly:0 RuntimeOnly:0 HLODRelevant:1
 |   |   |- Guid:189793EC4AB6FFD4EE4BDA95C958992B BaseClass: NativeClass:/Script/Landscape.LandscapeStreamingProxy Name:LandscapeStreamingProxy_30RK3DK7WLG6SBZSP99DEAPXE_126_0_1_0 Label:LandscapeStreamingProxy_0_1_0 SpatiallyLoaded:1 Bounds:IsValid=true, Min=(X=-25200.000 Y=-12600.000 Z=-1900.000), Max=(X=-12600.000 Y=0.000 Z=-1542.188) RuntimeGrid:None EditorOnly:0 RuntimeOnly:0 HLODRelevant:1
 |   |   |- Guid:18ACD3654C5EF1B965CA8695F206C3AA BaseClass: NativeClass:/Script/Engine.TextRenderActor Name:TextRenderActor_UAID_9C7BEF26EE871FE001_2074787221 Label:TextRenderActor SpatiallyLoaded:1 Bounds:IsValid=true, Min=(X=1515.599 Y=-12113.691 Z=661.000), Max=(X=1540.000 Y=-11617.000 Z=780.718) RuntimeGrid:None EditorOnly:0 RuntimeOnly:0 HLODRelevant:0
 |   |   |- Guid:1B2B4ED14A054C0DEA32B5A73F72A368 BaseClass:/Game/Ennemies/BP_Enemy_Archer.BP_Enemy_Archer_C NativeClass:/Script/Engine.Character Name:BP_Enemy_Archer_C_UAID_9C7BEF26EE874DE201_2057313375 Label:BP_Enemy_Archer5 SpatiallyLoaded:1 Bounds:IsValid=true, Min=(X=-8879.445 Y=-13882.994 Z=2131.000), Max=(X=-8754.883 Y=-13811.616 Z=2310.365) RuntimeGrid:None EditorOnly:0 RuntimeOnly:0 HLODRelevant:0
 |   |   |- Guid:23E48D084612A321CCB38EA86AA11749 BaseClass: NativeClass:/Script/Landscape.LandscapeStreamingProxy Name:LandscapeStreamingProxy_30RK3DK7WLG6SBZSP99DEAPXE_126_0_3_0 Label:LandscapeStreamingProxy_0_3_0 SpatiallyLoaded:1 Bounds:IsValid=true, Min=(X=-25200.000 Y=12600.000 Z=-3985.156), Max=(X=-12600.000 Y=25200.000 Z=-1797.656) RuntimeGrid:None EditorOnly:0 RuntimeOnly:0 HLODRelevant:1
 |   |   |- Guid:256EDE064667E6152951049A274F8135 BaseClass: NativeClass:/Script/Engine.StaticMeshActor Name:StaticMeshActor_UAID_9C7BEF26EE871FE001_1978748213 Label:Cube10 SpatiallyLoaded:1 Bounds:IsValid=true, Min=(X=1288.584 Y=-12259.214 Z=489.844), Max=(X=1538.029 Y=-12009.769 Z=689.844) RuntimeGrid:None EditorOnly:0 RuntimeOnly:0 HLODRelevant:1
 |   |   |- Guid:26FF41C74452F7213FB10E92E7D5FB5B BaseClass: NativeClass:/Script/Landscape.LandscapeStreamingProxy Name:LandscapeStreamingProxy_30RK3DK7WLG6SBZSP99DEAPXE_126_0_2_0 Label:LandscapeStreamingProxy_0_2_0 SpatiallyLoaded:1 Bounds:IsValid=true, Min=(X=-25200.000 Y=0.000 Z=-1899.219), Max=(X=-12600.000 Y=12600.000 Z=-1897.656) RuntimeGrid:None EditorOnly:0 RuntimeOnly:0 HLODRelevant:1
 |   |   |- Guid:2FB58999456391D349DC0F86DAC136ED BaseClass: NativeClass:/Script/Engine.SkyLight Name:SkyLight_1 Label:SkyLight SpatiallyLoaded:0 Bounds:IsValid=true, Min=(X=0.000 Y=0.000 Z=690.000), Max=(X=0.000 Y=0.000 Z=690.000) RuntimeGrid:None EditorOnly:0 RuntimeOnly:0 HLODRelevant:0 FolderPath:Lighting FolderGuid:963EC3EB4002CCE9759E2EBA541A873A
 |   |   |- Guid:316CF2A6494ACA4C0E4180A87D36AB8F BaseClass: NativeClass:/Script/Engine.ExponentialHeightFog Name:ExponentialHeightFog_0 Label:ExponentialHeightFog SpatiallyLoaded:0 Bounds:IsValid=true, Min=(X=-5600.000 Y=-50.000 Z=-6850.000), Max=(X=-5600.000 Y=-50.000 Z=-6850.000) RuntimeGrid:None EditorOnly:0 RuntimeOnly:0 HLODRelevant:0 FolderPath:Lighting FolderGuid:963EC3EB4002CCE9759E2EBA541A873A
 |   |   |- Guid:36D315A44E24AD79D8ECD2BFCCE9FC10 BaseClass:/Game/Ennemies/BP_Enemy_Archer.BP_Enemy_Archer_C NativeClass:/Script/Engine.Character Name:BP_Enemy_Archer_C_UAID_9C7BEF26EE874DE201_2022914374 Label:BP_Enemy_Archer4 SpatiallyLoaded:1 Bounds:IsValid=true, Min=(X=-8659.445 Y=-14221.994 Z=2131.000), Max=(X=-8534.883 Y=-14150.616 Z=2310.365) RuntimeGrid:None EditorOnly:0 RuntimeOnly:0 HLODRelevant:0
 |   |   |- Guid:3B4AFC554F8EF7D2447EADA0EA8E6805 BaseClass: NativeClass:/Script/Engine.SkeletalMeshActor Name:SkeletalMeshActor_UAID_9C7BEF26EE871DE001_2036956825 Label:MM_Jump4 SpatiallyLoaded:1 Bounds:IsValid=true, Min=(X=-4575.584 Y=-1585.014 Z=1292.584), Max=(X=-4464.219 Y=-1477.477 Z=1470.231) RuntimeGrid:None EditorOnly:0 RuntimeOnly:0 HLODRelevant:0
 |   |   |- Guid:3D480F39423D2C540AAFABBDBCF41BA1 BaseClass: NativeClass:/Script/Landscape.LandscapeStreamingProxy Name:LandscapeStreamingProxy_30RK3DK7WLG6SBZSP99DEAPXE_126_1_2_0 Label:LandscapeStreamingProxy_1_2_0 SpatiallyLoaded:1 Bounds:IsValid=true, Min=(X=-12600.000 Y=0.000 Z=-1998.438), Max=(X=0.000 Y=12600.000 Z=1271.094) RuntimeGrid:None EditorOnly:0 RuntimeOnly:0 HLODRelevant:1
 |   |   |- Guid:404B99994B02341EF2DBA28CE4766E27 BaseClass: NativeClass:/Script/Engine.StaticMeshActor Name:StaticMeshActor_UAID_9C7BEF26EE871FE001_1970379211 Label:Cube8 SpatiallyLoaded:1 Bounds:IsValid=true, Min=(X=1045.537 Y=-12188.302 Z=489.844), Max=(X=1271.538 Y=-11962.300 Z=649.844) RuntimeGrid:None EditorOnly:0 RuntimeOnly:0 HLODRelevant:1
 |   |   |- Guid:45B33C224E89F47E159117A7D64E2308 BaseClass: NativeClass:/Script/Engine.SkeletalMeshActor Name:SkeletalMeshActor_UAID_9C7BEF26EE871DE001_2034249823 Label:MM_Jump2 SpatiallyLoaded:1 Bounds:IsValid=true, Min=(X=-4985.752 Y=-1852.645 Z=1287.053), Max=(X=-4881.472 Y=-1741.776 Z=1448.834) RuntimeGrid:None EditorOnly:0 RuntimeOnly:0 HLODRelevant:0
 |   |   |- Guid:47F744FE48BA16FF87734C92AEC6A6B0 BaseClass: NativeClass:/Script/Landscape.LandscapeStreamingProxy Name:LandscapeStreamingProxy_30RK3DK7WLG6SBZSP99DEAPXE_126_2_3_0 Label:LandscapeStreamingProxy_2_3_0 SpatiallyLoaded:1 Bounds:IsValid=true, Min=(X=0.000 Y=12600.000 Z=-3301.562), Max=(X=12600.000 Y=25200.000 Z=-1893.750) RuntimeGrid:None EditorOnly:0 RuntimeOnly:0 HLODRelevant:1
 |   |   |- Guid:4B4A42A54D426BD4220651B87BBEACCB BaseClass: NativeClass:/Script/Engine.StaticMeshActor Name:StaticMeshActor_UAID_9C7BEF26EE871FE001_1992542216 Label:Cube13 SpatiallyLoaded:1 Bounds:IsValid=true, Min=(X=2223.890 Y=-12841.058 Z=489.844), Max=(X=2501.298 Y=-12563.650 Z=689.844) RuntimeGrid:None EditorOnly:0 RuntimeOnly:0 HLODRelevant:1
 |   |   |- Guid:4D3BE93F4146AAAC8BBE79999D96D57F BaseClass: NativeClass:/Script/Engine.VolumetricCloud Name:VolumetricCloud_0 Label:VolumetricCloud SpatiallyLoaded:0 Bounds:IsValid=true, Min=(X=0.000 Y=0.000 Z=820.000), Max=(X=0.000 Y=0.000 Z=820.000) RuntimeGrid:None EditorOnly:0 RuntimeOnly:0 HLODRelevant:0 FolderPath:Lighting FolderGuid:963EC3EB4002CCE9759E2EBA541A873A
 |   |   |- Guid:5697C0B9411BEA30A1246A8D2801E886 BaseClass: NativeClass:/Script/Engine.PointLight Name:PointLight_UAID_9C7BEF26EE871EE001_2057237014 Label:PointLight SpatiallyLoaded:1 Bounds:IsValid=true, Min=(X=-10858.397 Y=-17146.397 Z=-533.397), Max=(X=-4789.603 Y=-11077.603 Z=5535.397) RuntimeGrid:None EditorOnly:0 RuntimeOnly:0 HLODRelevant:0
 |   |   |- Guid:583B2E7D4F058BE11DC5A09973E19CD7 BaseClass:/Game/Ennemies/BP_Enemy_Archer.BP_Enemy_Archer_C NativeClass:/Script/Engine.Character Name:BP_Enemy_Archer_C_UAID_9C7BEF26EE874CE201_1909397197 Label:BP_Enemy_Archer3 SpatiallyLoaded:1 Bounds:IsValid=true, Min=(X=-7326.324 Y=-12772.865 Z=2109.138), Max=(X=-7197.601 Y=-12694.388 Z=2288.503) RuntimeGrid:None EditorOnly:0 RuntimeOnly:0 HLODRelevant:0
 |   |   |- Guid:58CBDD79449895B81E5152B67AC9C1FF BaseClass: NativeClass:/Script/Engine.PlayerStart Name:PlayerStart_UAID_9C7BEF26EE871DE001_1584297814 Label:PlayerStart SpatiallyLoaded:0 Bounds:IsValid=true, Min=(X=2221.518 Y=-11384.482 Z=490.000), Max=(X=2332.482 Y=-11273.518 Z=674.000) RuntimeGrid:None EditorOnly:0 RuntimeOnly:0 HLODRelevant:0
 |   |   |- Guid:5D88709A4A7DED0A1A9786860A745DB3 BaseClass: NativeClass:/Script/Landscape.LandscapeStreamingProxy Name:LandscapeStreamingProxy_30RK3DK7WLG6SBZSP99DEAPXE_126_2_0_0 Label:LandscapeStreamingProxy_2_0_0 SpatiallyLoaded:1 Bounds:IsValid=true, Min=(X=0.000 Y=-25200.000 Z=-1900.000), Max=(X=12600.000 Y=-12600.000 Z=489.844) RuntimeGrid:None EditorOnly:0 RuntimeOnly:0 HLODRelevant:1
 |   |   |- Guid:5E906F4741A7F30F84676D81FFED471F BaseClass:/Game/Ennemies/BP_Enemy_Archer.BP_Enemy_Archer_C NativeClass:/Script/Engine.Character Name:BP_Enemy_Archer_C_UAID_9C7BEF26EE874CE201_1880951194 Label:BP_Enemy_Archer SpatiallyLoaded:1 Bounds:IsValid=true, Min=(X=-6972.324 Y=-13574.865 Z=2109.138), Max=(X=-6843.601 Y=-13496.388 Z=2288.503) RuntimeGrid:None EditorOnly:0 RuntimeOnly:0 HLODRelevant:0
 |   |   |- Guid:607AAA44478575A30EDB9AAFA99828CC BaseClass: NativeClass:/Script/Landscape.LandscapeStreamingProxy Name:LandscapeStreamingProxy_30RK3DK7WLG6SBZSP99DEAPXE_126_3_0_0 Label:LandscapeStreamingProxy_3_0_0 SpatiallyLoaded:1 Bounds:IsValid=true, Min=(X=12600.000 Y=-25200.000 Z=-1997.656), Max=(X=25200.000 Y=-12600.000 Z=-1797.656) RuntimeGrid:None EditorOnly:0 RuntimeOnly:0 HLODRelevant:1
 |   |   |- Guid:628D0A8746BAB7F7AB3DE089DDD0A0B9 BaseClass:/Game/Ennemies/BP_Enemy_Sword.BP_Enemy_Sword_C NativeClass:/Script/Engine.Character Name:BP_Enemy_Sword_C_UAID_9C7BEF26EE874CE201_1804389191 Label:BP_Enemy_Sword SpatiallyLoaded:1 Bounds:IsValid=true, Min=(X=-228.200 Y=-13016.200 Z=463.600), Max=(X=-53.628 Y=-12927.032 Z=696.571) RuntimeGrid:None EditorOnly:0 RuntimeOnly:0 HLODRelevant:0
 |   |   |- Guid:645A1F754F3B986CB778FFAFD6759AE4 BaseClass: NativeClass:/Script/Water.WaterBodyOcean Name:WaterBodyOcean_UAID_9C7BEF26EE8717E001_1530558751 Label:WaterBodyOcean SpatiallyLoaded:0 Bounds:IsValid=true, Min=(X=-33932.000 Y=-17065.143 Z=-19900.000), Max=(X=16468.000 Y=39829.000 Z=100.000) RuntimeGrid:None EditorOnly:0 RuntimeOnly:0 HLODRelevant:1
 |   |   |- Guid:6717DD1A4A9ED2C601736EBFF3E68600 BaseClass: NativeClass:/Script/WaterEditor.WaterBrushManager Name:Landscape_WaterBrushManager_0 Label:Landscape_WaterBrushManager SpatiallyLoaded:0 Bounds:IsValid=true, Min=(X=0.000 Y=0.000 Z=100.000), Max=(X=350.000 Y=350.000 Z=50000.000) RuntimeGrid:None EditorOnly:0 RuntimeOnly:0 HLODRelevant:0
 |   |   |- Guid:6A3EA1F5486FE5651876B3852FFA7154 BaseClass: NativeClass:/Script/Engine.SkeletalMeshActor Name:SkeletalMeshActor_UAID_9C7BEF26EE871DE001_2039170827 Label:MM_Jump6 SpatiallyLoaded:1 Bounds:IsValid=true, Min=(X=-4571.792 Y=-1091.138 Z=1306.690), Max=(X=-4472.302 Y=-988.877 Z=1454.709) RuntimeGrid:None EditorOnly:0 RuntimeOnly:0 HLODRelevant:0
 |   |   |- Guid:6BAF4DDD444C60371492D3919DB42C97 BaseClass: NativeClass:/Script/Engine.WorldDataLayers Name:WorldDataLayers Label:WorldDataLayers SpatiallyLoaded:0 Bounds:IsValid=true, Min=(X=0.000 Y=0.000 Z=0.000), Max=(X=0.000 Y=0.000 Z=0.000) RuntimeGrid:None EditorOnly:0 RuntimeOnly:0 HLODRelevant:0
 |   |   |- Guid:74D40BA54A4F7C1CCCC76687279DF42B BaseClass: NativeClass:/Script/Landscape.LandscapeStreamingProxy Name:LandscapeStreamingProxy_30RK3DK7WLG6SBZSP99DEAPXE_126_2_2_0 Label:LandscapeStreamingProxy_2_2_0 SpatiallyLoaded:1 Bounds:IsValid=true, Min=(X=0.000 Y=0.000 Z=-1900.000), Max=(X=12600.000 Y=12600.000 Z=-1867.188) RuntimeGrid:None EditorOnly:0 RuntimeOnly:0 HLODRelevant:1
 |   |   |- Guid:78955D3943FD57954A39D4ABF13A73F6 BaseClass: NativeClass:/Script/Engine.StaticMeshActor Name:StaticMeshActor_UAID_9C7BEF26EE871FE001_1291972194 Label:Cube3 SpatiallyLoaded:1 Bounds:IsValid=true, Min=(X=-8844.798 Y=-14922.140 Z=1592.000), Max=(X=-7763.202 Y=-14435.860 Z=2992.000) RuntimeGrid:None EditorOnly:0 RuntimeOnly:0 HLODRelevant:1
 |   |   |- Guid:8035931A42464A5EEF8E05A35FBF3465 BaseClass: NativeClass:/Script/Landscape.Landscape Name:Landscape_UAID_9C7BEF26EE8717E001_1350195751 Label:Landscape SpatiallyLoaded:0 Bounds:IsValid=true, Min=(X=-25200.000 Y=-25200.000 Z=100.000), Max=(X=-25200.000 Y=-25200.000 Z=100.000) RuntimeGrid:None EditorOnly:0 RuntimeOnly:0 HLODRelevant:0
 |   |   |- Guid:80AEA92B40EDEF4591D71CA0D72AB401 BaseClass: NativeClass:/Script/Landscape.LandscapeStreamingProxy Name:LandscapeStreamingProxy_30RK3DK7WLG6SBZSP99DEAPXE_126_2_1_0 Label:LandscapeStreamingProxy_2_1_0 SpatiallyLoaded:1 Bounds:IsValid=true, Min=(X=0.000 Y=-12600.000 Z=-1900.000), Max=(X=12600.000 Y=0.000 Z=489.844) RuntimeGrid:None EditorOnly:0 RuntimeOnly:0 HLODRelevant:1
 |   |   |- Guid:81A768DF471D43B705348EA3D4117FEA BaseClass: NativeClass:/Script/Landscape.LandscapeStreamingProxy Name:LandscapeStreamingProxy_30RK3DK7WLG6SBZSP99DEAPXE_126_3_1_0 Label:LandscapeStreamingProxy_3_1_0 SpatiallyLoaded:1 Bounds:IsValid=true, Min=(X=12600.000 Y=-12600.000 Z=-1997.656), Max=(X=25200.000 Y=0.000 Z=-1797.656) RuntimeGrid:None EditorOnly:0 RuntimeOnly:0 HLODRelevant:1
 |   |   |- Guid:85DE80B64E3715815724DD81B7CDF1E9 BaseClass: NativeClass:/Script/Landscape.LandscapeStreamingProxy Name:LandscapeStreamingProxy_30RK3DK7WLG6SBZSP99DEAPXE_126_0_0_0 Label:LandscapeStreamingProxy_0_0_0 SpatiallyLoaded:1 Bounds:IsValid=true, Min=(X=-25200.000 Y=-25200.000 Z=-5107.031), Max=(X=-12600.000 Y=-12600.000 Z=-992.188) RuntimeGrid:None EditorOnly:0 RuntimeOnly:0 HLODRelevant:1
 |   |   |- Guid:8AEBD6334E0795631C9A31BA66EE5FB1 BaseClass: NativeClass:/Script/Landscape.LandscapeStreamingProxy Name:LandscapeStreamingProxy_30RK3DK7WLG6SBZSP99DEAPXE_126_3_2_0 Label:LandscapeStreamingProxy_3_2_0 SpatiallyLoaded:1 Bounds:IsValid=true, Min=(X=12600.000 Y=0.000 Z=-1997.656), Max=(X=25200.000 Y=12600.000 Z=-1797.656) RuntimeGrid:None EditorOnly:0 RuntimeOnly:0 HLODRelevant:1
 |   |   |- Guid:8FAD98F840E10B0935ABDAA28F711B60 BaseClass:/Game/Ennemies/BP_Enemy_Sword.BP_Enemy_Sword_C NativeClass:/Script/Engine.Character Name:BP_Enemy_Sword_C_UAID_9C7BEF26EE874CE201_1840200192 Label:BP_Enemy_Sword2 SpatiallyLoaded:1 Bounds:IsValid=true, Min=(X=-144.372 Y=-13024.968 Z=463.600), Max=(X=30.200 Y=-12935.800 Z=696.571) RuntimeGrid:None EditorOnly:0 RuntimeOnly:0 HLODRelevant:0
 |   |   |- Guid:9521C4794C3A6FDA0B2DB7A323EC96F4 BaseClass: NativeClass:/Script/Engine.SkeletalMeshActor Name:SkeletalMeshActor_UAID_9C7BEF26EE871DE001_2030103822 Label:MM_Jump SpatiallyLoaded:1 Bounds:IsValid=true, Min=(X=-5099.881 Y=-2806.314 Z=1287.053), Max=(X=-5034.265 Y=-2716.816 Z=1448.834) RuntimeGrid:None EditorOnly:0 RuntimeOnly:0 HLODRelevant:0
 |   |   |- Guid:9ADB46B143FE58DC7E9D16BDF7307AB2 BaseClass:/Game/Ennemies/BP_Enemy_Sword.BP_Enemy_Sword_C NativeClass:/Script/Engine.Character Name:BP_Enemy_Sword_C_UAID_9C7BEF26EE874CE201_1891925195 Label:BP_Enemy_Sword4 SpatiallyLoaded:1 Bounds:IsValid=true, Min=(X=-228.200 Y=-13016.200 Z=463.600), Max=(X=-53.628 Y=-12927.032 Z=696.571) RuntimeGrid:None EditorOnly:0 RuntimeOnly:0 HLODRelevant:0
 |   |   |- Guid:9CC75B4B4EC737A02B66F4A65A88D642 BaseClass: NativeClass:/Script/Engine.StaticMeshActor Name:StaticMeshActor_UAID_9C7BEF26EE871FE001_1384294195 Label:Cube4 SpatiallyLoaded:1 Bounds:IsValid=true, Min=(X=-7511.798 Y=-14374.140 Z=1592.000), Max=(X=-6430.202 Y=-13887.860 Z=2992.000) RuntimeGrid:None EditorOnly:0 RuntimeOnly:0 HLODRelevant:1
 |   |   |- Guid:9EE1AACF4C3205895611B7AFFAC214BE BaseClass: NativeClass:/Script/Engine.StaticMeshActor Name:StaticMeshActor_UAID_9C7BEF26EE871FE001_1992631217 Label:Cube14 SpatiallyLoaded:1 Bounds:IsValid=true, Min=(X=1954.278 Y=-13045.453 Z=489.844), Max=(X=2120.723 Y=-12879.008 Z=609.844) RuntimeGrid:None EditorOnly:0 RuntimeOnly:0 HLODRelevant:1
 |   |   |- Guid:A1498E7C4A4B85D48E7BFC9C2E894AEF BaseClass: NativeClass:/Script/Engine.SkeletalMeshActor Name:SkeletalMeshActor_UAID_9C7BEF26EE871DE001_2038144826 Label:MM_Jump5 SpatiallyLoaded:1 Bounds:IsValid=true, Min=(X=-4575.352 Y=-1205.608 Z=900.036), Max=(X=-4504.371 Y=-1144.098 Z=1045.768) RuntimeGrid:None EditorOnly:0 RuntimeOnly:0 HLODRelevant:0
 |   |   |- Guid:A228B631428BDF1CAD6714A243AD2A1B BaseClass: NativeClass:/Script/Engine.StaticMeshActor Name:StaticMeshActor_UAID_9C7BEF26EE871FE001_1992633220 Label:Cube17 SpatiallyLoaded:1 Bounds:IsValid=true, Min=(X=2018.167 Y=-12769.833 Z=489.844), Max=(X=2167.833 Y=-12620.167 Z=609.844) RuntimeGrid:None EditorOnly:0 RuntimeOnly:0 HLODRelevant:1
 |   |   |- Guid:A488D6FE494894F5EEB158B4540718E9 BaseClass: NativeClass:/Script/Engine.StaticMeshActor Name:StaticMeshActor_UAID_9C7BEF26EE871FE001_1992632219 Label:Cube16 SpatiallyLoaded:1 Bounds:IsValid=true, Min=(X=1991.583 Y=-12541.341 Z=489.844), Max=(X=2191.139 Y=-12341.785 Z=649.844) RuntimeGrid:None EditorOnly:0 RuntimeOnly:0 HLODRelevant:1
 |   |   |- Guid:AA9CBC2643D7DBCEB8F1848A7F1BEF3E BaseClass: NativeClass:/Script/Engine.StaticMeshActor Name:StaticMeshActor_UAID_9C7BEF26EE871FE001_1970288210 Label:Cube7 SpatiallyLoaded:1 Bounds:IsValid=true, Min=(X=763.158 Y=-12087.445 Z=489.844), Max=(X=1045.660 Y=-11804.943 Z=689.844) RuntimeGrid:None EditorOnly:0 RuntimeOnly:0 HLODRelevant:1
 |   |   |- Guid:AB1580654C573ACD172D8C9CC3CD4630 BaseClass: NativeClass:/Script/Landscape.LandscapeStreamingProxy Name:LandscapeStreamingProxy_30RK3DK7WLG6SBZSP99DEAPXE_126_1_1_0 Label:LandscapeStreamingProxy_1_1_0 SpatiallyLoaded:1 Bounds:IsValid=true, Min=(X=-12600.000 Y=-12600.000 Z=-1900.000), Max=(X=0.000 Y=0.000 Z=2130.469) RuntimeGrid:None EditorOnly:0 RuntimeOnly:0 HLODRelevant:1
 |   |   |- Guid:B4D3B7AA444B0C5601AB17A2761215C5 BaseClass:/Game/Ennemies/BP_Enemy_Archer.BP_Enemy_Archer_C NativeClass:/Script/Engine.Character Name:BP_Enemy_Archer_C_UAID_9C7BEF26EE874DE201_2072209376 Label:BP_Enemy_Archer6 SpatiallyLoaded:1 Bounds:IsValid=true, Min=(X=-9022.445 Y=-13531.994 Z=2131.000), Max=(X=-8897.883 Y=-13460.616 Z=2310.365) RuntimeGrid:None EditorOnly:0 RuntimeOnly:0 HLODRelevant:0
 |   |   |- Guid:B558592A4DB3AF164FF17BAB1D17E610 BaseClass: NativeClass:/Script/Landscape.LandscapeStreamingProxy Name:LandscapeStreamingProxy_30RK3DK7WLG6SBZSP99DEAPXE_126_3_3_0 Label:LandscapeStreamingProxy_3_3_0 SpatiallyLoaded:1 Bounds:IsValid=true, Min=(X=12600.000 Y=12600.000 Z=-4389.062), Max=(X=25200.000 Y=25200.000 Z=-1797.656) RuntimeGrid:None EditorOnly:0 RuntimeOnly:0 HLODRelevant:1
 |   |   |- Guid:B785ED2844B84CFB91E7F39FE661CD99 BaseClass: NativeClass:/Script/Engine.DirectionalLight Name:DirectionalLight_0 Label:DirectionalLight SpatiallyLoaded:0 Bounds:IsValid=true, Min=(X=-4398046511104.000 Y=-4398046511104.000 Z=-4398046511104.000), Max=(X=4398046511104.000 Y=4398046511104.000 Z=4398046511104.000) RuntimeGrid:None EditorOnly:0 RuntimeOnly:0 HLODRelevant:0 FolderPath:Lighting FolderGuid:963EC3EB4002CCE9759E2EBA541A873A
 |   |   |- Guid:B927FF0B46B20DB84C8740B9A0F5FDA1 BaseClass:/Game/Ennemies/BP_Enemy_Archer.BP_Enemy_Archer_C NativeClass:/Script/Engine.Character Name:BP_Enemy_Archer_C_UAID_9C7BEF26EE874CE201_1896233196 Label:BP_Enemy_Archer2 SpatiallyLoaded:1 Bounds:IsValid=true, Min=(X=-7167.324 Y=-13189.865 Z=2131.000), Max=(X=-7038.601 Y=-13111.388 Z=2310.365) RuntimeGrid:None EditorOnly:0 RuntimeOnly:0 HLODRelevant:0
 |   |   |- Guid:C8284E934F829DAF1675058CCB19BA87 BaseClass: NativeClass:/Script/Engine.StaticMeshActor Name:StaticMeshActor_UAID_9C7BEF26EE871FE001_1992632218 Label:Cube15 SpatiallyLoaded:1 Bounds:IsValid=true, Min=(X=1725.251 Y=-12717.884 Z=489.844), Max=(X=1974.696 Y=-12468.439 Z=689.844) RuntimeGrid:None EditorOnly:0 RuntimeOnly:0 HLODRelevant:1
 |   |   |- Guid:C90D9D4A48584EBF194D72A1E2EE27D4 BaseClass: NativeClass:/Script/Engine.StaticMeshActor Name:StaticMeshActor_UAID_9C7BEF26EE871FE001_1944518209 Label:Cube6 SpatiallyLoaded:1 Bounds:IsValid=true, Min=(X=1515.000 Y=-12795.000 Z=489.844), Max=(X=1635.000 Y=-12675.000 Z=609.844) RuntimeGrid:None EditorOnly:0 RuntimeOnly:0 HLODRelevant:1
 |   |   |- Guid:CCFF262C46EEFFDF319E7F9539CE697E BaseClass: NativeClass:/Script/Engine.SkyAtmosphere Name:SkyAtmosphere_0 Label:SkyAtmosphere SpatiallyLoaded:0 Bounds:IsValid=true, Min=(X=0.000 Y=0.000 Z=1020.000), Max=(X=0.000 Y=0.000 Z=1020.000) RuntimeGrid:None EditorOnly:0 RuntimeOnly:0 HLODRelevant:0 FolderPath:Lighting FolderGuid:963EC3EB4002CCE9759E2EBA541A873A
 |   |   |- Guid:D00375C440CA5B67975A2D8AB50EF760 BaseClass: NativeClass:/Script/Landscape.LandscapeStreamingProxy Name:LandscapeStreamingProxy_30RK3DK7WLG6SBZSP99DEAPXE_126_1_3_0 Label:LandscapeStreamingProxy_1_3_0 SpatiallyLoaded:1 Bounds:IsValid=true, Min=(X=-12600.000 Y=12600.000 Z=-8440.625), Max=(X=0.000 Y=25200.000 Z=-1897.656) RuntimeGrid:None EditorOnly:0 RuntimeOnly:0 HLODRelevant:1
 |   |   |- Guid:D7B4A68C4421F0F5426F27885BFE587B BaseClass: NativeClass:/Script/Water.WaterZone Name:WaterZone_UAID_9C7BEF26EE8717E001_1530662752 Label:WaterZone SpatiallyLoaded:0 Bounds:IsValid=true, Min=(X=-25200.000 Y=-25200.000 Z=-25200.000), Max=(X=25200.000 Y=25200.000 Z=25200.000) RuntimeGrid:None EditorOnly:0 RuntimeOnly:0 HLODRelevant:0
 |   |   |- Guid:DA40E430448DE76D81E4B98434332E3C BaseClass: NativeClass:/Script/Engine.SkeletalMeshActor Name:SkeletalMeshActor_UAID_9C7BEF26EE871DE001_2042198828 Label:MM_Jump7 SpatiallyLoaded:1 Bounds:IsValid=true, Min=(X=-4723.610 Y=-2232.282 Z=1271.094), Max=(X=-4635.903 Y=-2140.687 Z=1416.826) RuntimeGrid:None EditorOnly:0 RuntimeOnly:0 HLODRelevant:0
 |   |   |- Guid:E90DC6FE40D66CFCBCC992A511C4514A BaseClass: NativeClass:/Script/Engine.StaticMeshActor Name:StaticMeshActor_UAID_9C7BEF26EE871FE001_1978840214 Label:Cube11 SpatiallyLoaded:1 Bounds:IsValid=true, Min=(X=1321.586 Y=-11949.339 Z=489.844), Max=(X=1521.142 Y=-11749.783 Z=649.844) RuntimeGrid:None EditorOnly:0 RuntimeOnly:0 HLODRelevant:1
 |   |   |- Guid:EC4E0C944CE6AC6E784BC6BB2916EA13 BaseClass: NativeClass:/Script/Engine.StaticMeshActor Name:StaticMeshActor_UAID_A4AE111137DC5EFB00_1110535423 Label:SM_SkySphere SpatiallyLoaded:0 Bounds:IsValid=true, Min=(X=-1638400.000 Y=-1638400.000 Z=-1638400.000), Max=(X=1638400.000 Y=1638400.000 Z=1638400.000) RuntimeGrid:None EditorOnly:0 RuntimeOnly:0 HLODRelevant:1 FolderPath:Lighting FolderGuid:963EC3EB4002CCE9759E2EBA541A873A
 |   |   |- Guid:F547ECA442873CBF89335F9DC1C66E37 BaseClass: NativeClass:/Script/Engine.StaticMeshActor Name:StaticMeshActor_UAID_9C7BEF26EE871FE001_1929752208 Label:Cube5 SpatiallyLoaded:1 Bounds:IsValid=true, Min=(X=1423.000 Y=-13058.000 Z=489.844), Max=(X=1583.000 Y=-12898.000 Z=649.844) RuntimeGrid:None EditorOnly:0 RuntimeOnly:0 HLODRelevant:1
 |   |   |- Guid:F5E3FEB3450C49844FD93DA8E083C8AD BaseClass: NativeClass:/Script/Engine.PostProcessVolume Name:PostProcessVolume_0 Label:PostProcessVolume SpatiallyLoaded:0 Bounds:IsValid=true, Min=(X=0.000 Y=0.000 Z=400.000), Max=(X=200.000 Y=200.000 Z=600.000) RuntimeGrid:None EditorOnly:0 RuntimeOnly:0 HLODRelevant:0 FolderPath:Lighting FolderGuid:963EC3EB4002CCE9759E2EBA541A873A
 |   |   |- Guid:FC22FB8C4F61BE0676CCBB911B90C615 BaseClass: NativeClass:/Script/Engine.StaticMeshActor Name:StaticMeshActor_UAID_9C7BEF26EE871FE001_1914462207 Label:Cube2 SpatiallyLoaded:1 Bounds:IsValid=true, Min=(X=1678.000 Y=-13003.000 Z=489.844), Max=(X=1878.000 Y=-12803.000 Z=689.844) RuntimeGrid:None EditorOnly:0 RuntimeOnly:0 HLODRelevant:1
 |   |   |- Guid:FCBEA1D04E72AE466BEFB99558B2622E BaseClass: NativeClass:/Script/Landscape.LandscapeStreamingProxy Name:LandscapeStreamingProxy_30RK3DK7WLG6SBZSP99DEAPXE_126_1_0_0 Label:LandscapeStreamingProxy_1_0_0 SpatiallyLoaded:1 Bounds:IsValid=true, Min=(X=-12600.000 Y=-25200.000 Z=-1899.219), Max=(X=0.000 Y=-12600.000 Z=2130.469) RuntimeGrid:None EditorOnly:0 RuntimeOnly:0 HLODRelevant:1
 |   |- [+] Clusters:
 |   |   |- [+] [  0]
 |   |   |   |- Guid:6BAF4DDD444C60371492D3919DB42C97 BaseClass: NativeClass:/Script/Engine.WorldDataLayers Name:WorldDataLayers Label:WorldDataLayers SpatiallyLoaded:0 Bounds:IsValid=true, Min=(X=0.000 Y=0.000 Z=0.000), Max=(X=0.000 Y=0.000 Z=0.000) RuntimeGrid:None EditorOnly:0 RuntimeOnly:0 HLODRelevant:0
 |   |   |- [+] [  1]
 |   |   |   |- Guid:9521C4794C3A6FDA0B2DB7A323EC96F4 BaseClass: NativeClass:/Script/Engine.SkeletalMeshActor Name:SkeletalMeshActor_UAID_9C7BEF26EE871DE001_2030103822 Label:MM_Jump SpatiallyLoaded:1 Bounds:IsValid=true, Min=(X=-5099.881 Y=-2806.314 Z=1287.053), Max=(X=-5034.265 Y=-2716.816 Z=1448.834) RuntimeGrid:None EditorOnly:0 RuntimeOnly:0 HLODRelevant:0
 |   |   |- [+] [  2]
 |   |   |   |- Guid:85DE80B64E3715815724DD81B7CDF1E9 BaseClass: NativeClass:/Script/Landscape.LandscapeStreamingProxy Name:LandscapeStreamingProxy_30RK3DK7WLG6SBZSP99DEAPXE_126_0_0_0 Label:LandscapeStreamingProxy_0_0_0 SpatiallyLoaded:1 Bounds:IsValid=true, Min=(X=-25200.000 Y=-25200.000 Z=-5107.031), Max=(X=-12600.000 Y=-12600.000 Z=-992.188) RuntimeGrid:None EditorOnly:0 RuntimeOnly:0 HLODRelevant:1
 |   |   |- [+] [  3]
 |   |   |   |- Guid:4B4A42A54D426BD4220651B87BBEACCB BaseClass: NativeClass:/Script/Engine.StaticMeshActor Name:StaticMeshActor_UAID_9C7BEF26EE871FE001_1992542216 Label:Cube13 SpatiallyLoaded:1 Bounds:IsValid=true, Min=(X=2223.890 Y=-12841.058 Z=489.844), Max=(X=2501.298 Y=-12563.650 Z=689.844) RuntimeGrid:None EditorOnly:0 RuntimeOnly:0 HLODRelevant:1
 |   |   |- [+] [  4]
 |   |   |   |- Guid:F5E3FEB3450C49844FD93DA8E083C8AD BaseClass: NativeClass:/Script/Engine.PostProcessVolume Name:PostProcessVolume_0 Label:PostProcessVolume SpatiallyLoaded:0 Bounds:IsValid=true, Min=(X=0.000 Y=0.000 Z=400.000), Max=(X=200.000 Y=200.000 Z=600.000) RuntimeGrid:None EditorOnly:0 RuntimeOnly:0 HLODRelevant:0 FolderPath:Lighting FolderGuid:963EC3EB4002CCE9759E2EBA541A873A
 |   |   |- [+] [  5]
 |   |   |   |- Guid:6A3EA1F5486FE5651876B3852FFA7154 BaseClass: NativeClass:/Script/Engine.SkeletalMeshActor Name:SkeletalMeshActor_UAID_9C7BEF26EE871DE001_2039170827 Label:MM_Jump6 SpatiallyLoaded:1 Bounds:IsValid=true, Min=(X=-4571.792 Y=-1091.138 Z=1306.690), Max=(X=-4472.302 Y=-988.877 Z=1454.709) RuntimeGrid:None EditorOnly:0 RuntimeOnly:0 HLODRelevant:0
 |   |   |- [+] [  6]
 |   |   |   |- Guid:C90D9D4A48584EBF194D72A1E2EE27D4 BaseClass: NativeClass:/Script/Engine.StaticMeshActor Name:StaticMeshActor_UAID_9C7BEF26EE871FE001_1944518209 Label:Cube6 SpatiallyLoaded:1 Bounds:IsValid=true, Min=(X=1515.000 Y=-12795.000 Z=489.844), Max=(X=1635.000 Y=-12675.000 Z=609.844) RuntimeGrid:None EditorOnly:0 RuntimeOnly:0 HLODRelevant:1
 |   |   |- [+] [  7]
 |   |   |   |- Guid:404B99994B02341EF2DBA28CE4766E27 BaseClass: NativeClass:/Script/Engine.StaticMeshActor Name:StaticMeshActor_UAID_9C7BEF26EE871FE001_1970379211 Label:Cube8 SpatiallyLoaded:1 Bounds:IsValid=true, Min=(X=1045.537 Y=-12188.302 Z=489.844), Max=(X=1271.538 Y=-11962.300 Z=649.844) RuntimeGrid:None EditorOnly:0 RuntimeOnly:0 HLODRelevant:1
 |   |   |- [+] [  8]
 |   |   |   |- Guid:645A1F754F3B986CB778FFAFD6759AE4 BaseClass: NativeClass:/Script/Water.WaterBodyOcean Name:WaterBodyOcean_UAID_9C7BEF26EE8717E001_1530558751 Label:WaterBodyOcean SpatiallyLoaded:0 Bounds:IsValid=true, Min=(X=-33932.000 Y=-17065.143 Z=-19900.000), Max=(X=16468.000 Y=39829.000 Z=100.000) RuntimeGrid:None EditorOnly:0 RuntimeOnly:0 HLODRelevant:1
 |   |   |- [+] [  9]
 |   |   |   |- Guid:B558592A4DB3AF164FF17BAB1D17E610 BaseClass: NativeClass:/Script/Landscape.LandscapeStreamingProxy Name:LandscapeStreamingProxy_30RK3DK7WLG6SBZSP99DEAPXE_126_3_3_0 Label:LandscapeStreamingProxy_3_3_0 SpatiallyLoaded:1 Bounds:IsValid=true, Min=(X=12600.000 Y=12600.000 Z=-4389.062), Max=(X=25200.000 Y=25200.000 Z=-1797.656) RuntimeGrid:None EditorOnly:0 RuntimeOnly:0 HLODRelevant:1
 |   |   |- [+] [ 10]
 |   |   |   |- Guid:AB1580654C573ACD172D8C9CC3CD4630 BaseClass: NativeClass:/Script/Landscape.LandscapeStreamingProxy Name:LandscapeStreamingProxy_30RK3DK7WLG6SBZSP99DEAPXE_126_1_1_0 Label:LandscapeStreamingProxy_1_1_0 SpatiallyLoaded:1 Bounds:IsValid=true, Min=(X=-12600.000 Y=-12600.000 Z=-1900.000), Max=(X=0.000 Y=0.000 Z=2130.469) RuntimeGrid:None EditorOnly:0 RuntimeOnly:0 HLODRelevant:1
 |   |   |- [+] [ 11]
 |   |   |   |- Guid:5D88709A4A7DED0A1A9786860A745DB3 BaseClass: NativeClass:/Script/Landscape.LandscapeStreamingProxy Name:LandscapeStreamingProxy_30RK3DK7WLG6SBZSP99DEAPXE_126_2_0_0 Label:LandscapeStreamingProxy_2_0_0 SpatiallyLoaded:1 Bounds:IsValid=true, Min=(X=0.000 Y=-25200.000 Z=-1900.000), Max=(X=12600.000 Y=-12600.000 Z=489.844) RuntimeGrid:None EditorOnly:0 RuntimeOnly:0 HLODRelevant:1
 |   |   |- [+] [ 12]
 |   |   |   |- Guid:47F744FE48BA16FF87734C92AEC6A6B0 BaseClass: NativeClass:/Script/Landscape.LandscapeStreamingProxy Name:LandscapeStreamingProxy_30RK3DK7WLG6SBZSP99DEAPXE_126_2_3_0 Label:LandscapeStreamingProxy_2_3_0 SpatiallyLoaded:1 Bounds:IsValid=true, Min=(X=0.000 Y=12600.000 Z=-3301.562), Max=(X=12600.000 Y=25200.000 Z=-1893.750) RuntimeGrid:None EditorOnly:0 RuntimeOnly:0 HLODRelevant:1
 |   |   |- [+] [ 13]
 |   |   |   |- Guid:4D3BE93F4146AAAC8BBE79999D96D57F BaseClass: NativeClass:/Script/Engine.VolumetricCloud Name:VolumetricCloud_0 Label:VolumetricCloud SpatiallyLoaded:0 Bounds:IsValid=true, Min=(X=0.000 Y=0.000 Z=820.000), Max=(X=0.000 Y=0.000 Z=820.000) RuntimeGrid:None EditorOnly:0 RuntimeOnly:0 HLODRelevant:0 FolderPath:Lighting FolderGuid:963EC3EB4002CCE9759E2EBA541A873A
 |   |   |- [+] [ 14]
 |   |   |   |- Guid:FC22FB8C4F61BE0676CCBB911B90C615 BaseClass: NativeClass:/Script/Engine.StaticMeshActor Name:StaticMeshActor_UAID_9C7BEF26EE871FE001_1914462207 Label:Cube2 SpatiallyLoaded:1 Bounds:IsValid=true, Min=(X=1678.000 Y=-13003.000 Z=489.844), Max=(X=1878.000 Y=-12803.000 Z=689.844) RuntimeGrid:None EditorOnly:0 RuntimeOnly:0 HLODRelevant:1
 |   |   |- [+] [ 15]
 |   |   |   |- Guid:042C789D4A50C9B75D6C10B183E6C3AC BaseClass: NativeClass:/Script/Engine.SkeletalMeshActor Name:SkeletalMeshActor_UAID_9C7BEF26EE871DE001_2035330824 Label:MM_Jump3 SpatiallyLoaded:1 Bounds:IsValid=true, Min=(X=-5226.877 Y=-2269.664 Z=1289.300), Max=(X=-5113.512 Y=-2152.759 Z=1448.607) RuntimeGrid:None EditorOnly:0 RuntimeOnly:0 HLODRelevant:0
 |   |   |- [+] [ 16]
 |   |   |   |- Guid:CCFF262C46EEFFDF319E7F9539CE697E BaseClass: NativeClass:/Script/Engine.SkyAtmosphere Name:SkyAtmosphere_0 Label:SkyAtmosphere SpatiallyLoaded:0 Bounds:IsValid=true, Min=(X=0.000 Y=0.000 Z=1020.000), Max=(X=0.000 Y=0.000 Z=1020.000) RuntimeGrid:None EditorOnly:0 RuntimeOnly:0 HLODRelevant:0 FolderPath:Lighting FolderGuid:963EC3EB4002CCE9759E2EBA541A873A
 |   |   |- [+] [ 17]
 |   |   |   |- Guid:EC4E0C944CE6AC6E784BC6BB2916EA13 BaseClass: NativeClass:/Script/Engine.StaticMeshActor Name:StaticMeshActor_UAID_A4AE111137DC5EFB00_1110535423 Label:SM_SkySphere SpatiallyLoaded:0 Bounds:IsValid=true, Min=(X=-1638400.000 Y=-1638400.000 Z=-1638400.000), Max=(X=1638400.000 Y=1638400.000 Z=1638400.000) RuntimeGrid:None EditorOnly:0 RuntimeOnly:0 HLODRelevant:1 FolderPath:Lighting FolderGuid:963EC3EB4002CCE9759E2EBA541A873A
 |   |   |- [+] [ 18]
 |   |   |   |- Guid:607AAA44478575A30EDB9AAFA99828CC BaseClass: NativeClass:/Script/Landscape.LandscapeStreamingProxy Name:LandscapeStreamingProxy_30RK3DK7WLG6SBZSP99DEAPXE_126_3_0_0 Label:LandscapeStreamingProxy_3_0_0 SpatiallyLoaded:1 Bounds:IsValid=true, Min=(X=12600.000 Y=-25200.000 Z=-1997.656), Max=(X=25200.000 Y=-12600.000 Z=-1797.656) RuntimeGrid:None EditorOnly:0 RuntimeOnly:0 HLODRelevant:1
 |   |   |- [+] [ 19]
 |   |   |   |- Guid:B785ED2844B84CFB91E7F39FE661CD99 BaseClass: NativeClass:/Script/Engine.DirectionalLight Name:DirectionalLight_0 Label:DirectionalLight SpatiallyLoaded:0 Bounds:IsValid=true, Min=(X=-4398046511104.000 Y=-4398046511104.000 Z=-4398046511104.000), Max=(X=4398046511104.000 Y=4398046511104.000 Z=4398046511104.000) RuntimeGrid:None EditorOnly:0 RuntimeOnly:0 HLODRelevant:0 FolderPath:Lighting FolderGuid:963EC3EB4002CCE9759E2EBA541A873A
 |   |   |- [+] [ 20]
 |   |   |   |- Guid:58CBDD79449895B81E5152B67AC9C1FF BaseClass: NativeClass:/Script/Engine.PlayerStart Name:PlayerStart_UAID_9C7BEF26EE871DE001_1584297814 Label:PlayerStart SpatiallyLoaded:0 Bounds:IsValid=true, Min=(X=2221.518 Y=-11384.482 Z=490.000), Max=(X=2332.482 Y=-11273.518 Z=674.000) RuntimeGrid:None EditorOnly:0 RuntimeOnly:0 HLODRelevant:0
 |   |   |- [+] [ 21]
 |   |   |   |- Guid:9EE1AACF4C3205895611B7AFFAC214BE BaseClass: NativeClass:/Script/Engine.StaticMeshActor Name:StaticMeshActor_UAID_9C7BEF26EE871FE001_1992631217 Label:Cube14 SpatiallyLoaded:1 Bounds:IsValid=true, Min=(X=1954.278 Y=-13045.453 Z=489.844), Max=(X=2120.723 Y=-12879.008 Z=609.844) RuntimeGrid:None EditorOnly:0 RuntimeOnly:0 HLODRelevant:1
 |   |   |- [+] [ 22]
 |   |   |   |- Guid:316CF2A6494ACA4C0E4180A87D36AB8F BaseClass: NativeClass:/Script/Engine.ExponentialHeightFog Name:ExponentialHeightFog_0 Label:ExponentialHeightFog SpatiallyLoaded:0 Bounds:IsValid=true, Min=(X=-5600.000 Y=-50.000 Z=-6850.000), Max=(X=-5600.000 Y=-50.000 Z=-6850.000) RuntimeGrid:None EditorOnly:0 RuntimeOnly:0 HLODRelevant:0 FolderPath:Lighting FolderGuid:963EC3EB4002CCE9759E2EBA541A873A
 |   |   |- [+] [ 23]
 |   |   |   |- Guid:3B4AFC554F8EF7D2447EADA0EA8E6805 BaseClass: NativeClass:/Script/Engine.SkeletalMeshActor Name:SkeletalMeshActor_UAID_9C7BEF26EE871DE001_2036956825 Label:MM_Jump4 SpatiallyLoaded:1 Bounds:IsValid=true, Min=(X=-4575.584 Y=-1585.014 Z=1292.584), Max=(X=-4464.219 Y=-1477.477 Z=1470.231) RuntimeGrid:None EditorOnly:0 RuntimeOnly:0 HLODRelevant:0
 |   |   |- [+] [ 24]
 |   |   |   |- Guid:D00375C440CA5B67975A2D8AB50EF760 BaseClass: NativeClass:/Script/Landscape.LandscapeStreamingProxy Name:LandscapeStreamingProxy_30RK3DK7WLG6SBZSP99DEAPXE_126_1_3_0 Label:LandscapeStreamingProxy_1_3_0 SpatiallyLoaded:1 Bounds:IsValid=true, Min=(X=-12600.000 Y=12600.000 Z=-8440.625), Max=(X=0.000 Y=25200.000 Z=-1897.656) RuntimeGrid:None EditorOnly:0 RuntimeOnly:0 HLODRelevant:1
 |   |   |- [+] [ 25]
 |   |   |   |- Guid:D7B4A68C4421F0F5426F27885BFE587B BaseClass: NativeClass:/Script/Water.WaterZone Name:WaterZone_UAID_9C7BEF26EE8717E001_1530662752 Label:WaterZone SpatiallyLoaded:0 Bounds:IsValid=true, Min=(X=-25200.000 Y=-25200.000 Z=-25200.000), Max=(X=25200.000 Y=25200.000 Z=25200.000) RuntimeGrid:None EditorOnly:0 RuntimeOnly:0 HLODRelevant:0
 |   |   |- [+] [ 26]
 |   |   |   |- Guid:256EDE064667E6152951049A274F8135 BaseClass: NativeClass:/Script/Engine.StaticMeshActor Name:StaticMeshActor_UAID_9C7BEF26EE871FE001_1978748213 Label:Cube10 SpatiallyLoaded:1 Bounds:IsValid=true, Min=(X=1288.584 Y=-12259.214 Z=489.844), Max=(X=1538.029 Y=-12009.769 Z=689.844) RuntimeGrid:None EditorOnly:0 RuntimeOnly:0 HLODRelevant:1
 |   |   |- [+] [ 27]
 |   |   |   |- Guid:17BE2C9440A2CF78D05AE79ADC74DCEF BaseClass: NativeClass:/Script/Engine.StaticMeshActor Name:StaticMeshActor_UAID_9C7BEF26EE871FE001_1978841215 Label:Cube12 SpatiallyLoaded:1 Bounds:IsValid=true, Min=(X=1558.166 Y=-12063.834 Z=489.844), Max=(X=1707.834 Y=-11914.166 Z=609.844) RuntimeGrid:None EditorOnly:0 RuntimeOnly:0 HLODRelevant:1
 |   |   |- [+] [ 28]
 |   |   |   |- Guid:0687C4F6412F2E42F776299F86B0E15C BaseClass: NativeClass:/Script/Engine.StaticMeshActor Name:StaticMeshActor_UAID_9C7BEF26EE871FE001_1970380212 Label:Cube9 SpatiallyLoaded:1 Bounds:IsValid=true, Min=(X=857.249 Y=-12291.751 Z=489.844), Max=(X=1026.751 Y=-12122.249 Z=609.844) RuntimeGrid:None EditorOnly:0 RuntimeOnly:0 HLODRelevant:1
 |   |   |- [+] [ 29]
 |   |   |   |- Guid:A488D6FE494894F5EEB158B4540718E9 BaseClass: NativeClass:/Script/Engine.StaticMeshActor Name:StaticMeshActor_UAID_9C7BEF26EE871FE001_1992632219 Label:Cube16 SpatiallyLoaded:1 Bounds:IsValid=true, Min=(X=1991.583 Y=-12541.341 Z=489.844), Max=(X=2191.139 Y=-12341.785 Z=649.844) RuntimeGrid:None EditorOnly:0 RuntimeOnly:0 HLODRelevant:1
 |   |   |- [+] [ 30]
 |   |   |   |- Guid:189793EC4AB6FFD4EE4BDA95C958992B BaseClass: NativeClass:/Script/Landscape.LandscapeStreamingProxy Name:LandscapeStreamingProxy_30RK3DK7WLG6SBZSP99DEAPXE_126_0_1_0 Label:LandscapeStreamingProxy_0_1_0 SpatiallyLoaded:1 Bounds:IsValid=true, Min=(X=-25200.000 Y=-12600.000 Z=-1900.000), Max=(X=-12600.000 Y=0.000 Z=-1542.188) RuntimeGrid:None EditorOnly:0 RuntimeOnly:0 HLODRelevant:1
 |   |   |- [+] [ 31]
 |   |   |   |- Guid:2FB58999456391D349DC0F86DAC136ED BaseClass: NativeClass:/Script/Engine.SkyLight Name:SkyLight_1 Label:SkyLight SpatiallyLoaded:0 Bounds:IsValid=true, Min=(X=0.000 Y=0.000 Z=690.000), Max=(X=0.000 Y=0.000 Z=690.000) RuntimeGrid:None EditorOnly:0 RuntimeOnly:0 HLODRelevant:0 FolderPath:Lighting FolderGuid:963EC3EB4002CCE9759E2EBA541A873A
 |   |   |- [+] [ 32]
 |   |   |   |- Guid:A1498E7C4A4B85D48E7BFC9C2E894AEF BaseClass: NativeClass:/Script/Engine.SkeletalMeshActor Name:SkeletalMeshActor_UAID_9C7BEF26EE871DE001_2038144826 Label:MM_Jump5 SpatiallyLoaded:1 Bounds:IsValid=true, Min=(X=-4575.352 Y=-1205.608 Z=900.036), Max=(X=-4504.371 Y=-1144.098 Z=1045.768) RuntimeGrid:None EditorOnly:0 RuntimeOnly:0 HLODRelevant:0
 |   |   |- [+] [ 33]
 |   |   |   |- Guid:583B2E7D4F058BE11DC5A09973E19CD7 BaseClass:/Game/Ennemies/BP_Enemy_Archer.BP_Enemy_Archer_C NativeClass:/Script/Engine.Character Name:BP_Enemy_Archer_C_UAID_9C7BEF26EE874CE201_1909397197 Label:BP_Enemy_Archer3 SpatiallyLoaded:1 Bounds:IsValid=true, Min=(X=-7326.324 Y=-12772.865 Z=2109.138), Max=(X=-7197.601 Y=-12694.388 Z=2288.503) RuntimeGrid:None EditorOnly:0 RuntimeOnly:0 HLODRelevant:0
 |   |   |- [+] [ 34]
 |   |   |   |- Guid:9ADB46B143FE58DC7E9D16BDF7307AB2 BaseClass:/Game/Ennemies/BP_Enemy_Sword.BP_Enemy_Sword_C NativeClass:/Script/Engine.Character Name:BP_Enemy_Sword_C_UAID_9C7BEF26EE874CE201_1891925195 Label:BP_Enemy_Sword4 SpatiallyLoaded:1 Bounds:IsValid=true, Min=(X=-228.200 Y=-13016.200 Z=463.600), Max=(X=-53.628 Y=-12927.032 Z=696.571) RuntimeGrid:None EditorOnly:0 RuntimeOnly:0 HLODRelevant:0
 |   |   |- [+] [ 35]
 |   |   |   |- Guid:23E48D084612A321CCB38EA86AA11749 BaseClass: NativeClass:/Script/Landscape.LandscapeStreamingProxy Name:LandscapeStreamingProxy_30RK3DK7WLG6SBZSP99DEAPXE_126_0_3_0 Label:LandscapeStreamingProxy_0_3_0 SpatiallyLoaded:1 Bounds:IsValid=true, Min=(X=-25200.000 Y=12600.000 Z=-3985.156), Max=(X=-12600.000 Y=25200.000 Z=-1797.656) RuntimeGrid:None EditorOnly:0 RuntimeOnly:0 HLODRelevant:1
 |   |   |- [+] [ 36]
 |   |   |   |- Guid:78955D3943FD57954A39D4ABF13A73F6 BaseClass: NativeClass:/Script/Engine.StaticMeshActor Name:StaticMeshActor_UAID_9C7BEF26EE871FE001_1291972194 Label:Cube3 SpatiallyLoaded:1 Bounds:IsValid=true, Min=(X=-8844.798 Y=-14922.140 Z=1592.000), Max=(X=-7763.202 Y=-14435.860 Z=2992.000) RuntimeGrid:None EditorOnly:0 RuntimeOnly:0 HLODRelevant:1
 |   |   |- [+] [ 37]
 |   |   |   |- Guid:5E906F4741A7F30F84676D81FFED471F BaseClass:/Game/Ennemies/BP_Enemy_Archer.BP_Enemy_Archer_C NativeClass:/Script/Engine.Character Name:BP_Enemy_Archer_C_UAID_9C7BEF26EE874CE201_1880951194 Label:BP_Enemy_Archer SpatiallyLoaded:1 Bounds:IsValid=true, Min=(X=-6972.324 Y=-13574.865 Z=2109.138), Max=(X=-6843.601 Y=-13496.388 Z=2288.503) RuntimeGrid:None EditorOnly:0 RuntimeOnly:0 HLODRelevant:0
 |   |   |- [+] [ 38]
 |   |   |   |- Guid:FCBEA1D04E72AE466BEFB99558B2622E BaseClass: NativeClass:/Script/Landscape.LandscapeStreamingProxy Name:LandscapeStreamingProxy_30RK3DK7WLG6SBZSP99DEAPXE_126_1_0_0 Label:LandscapeStreamingProxy_1_0_0 SpatiallyLoaded:1 Bounds:IsValid=true, Min=(X=-12600.000 Y=-25200.000 Z=-1899.219), Max=(X=0.000 Y=-12600.000 Z=2130.469) RuntimeGrid:None EditorOnly:0 RuntimeOnly:0 HLODRelevant:1
 |   |   |- [+] [ 39]
 |   |   |   |- Guid:45B33C224E89F47E159117A7D64E2308 BaseClass: NativeClass:/Script/Engine.SkeletalMeshActor Name:SkeletalMeshActor_UAID_9C7BEF26EE871DE001_2034249823 Label:MM_Jump2 SpatiallyLoaded:1 Bounds:IsValid=true, Min=(X=-4985.752 Y=-1852.645 Z=1287.053), Max=(X=-4881.472 Y=-1741.776 Z=1448.834) RuntimeGrid:None EditorOnly:0 RuntimeOnly:0 HLODRelevant:0
 |   |   |- [+] [ 40]
 |   |   |   |- Guid:C8284E934F829DAF1675058CCB19BA87 BaseClass: NativeClass:/Script/Engine.StaticMeshActor Name:StaticMeshActor_UAID_9C7BEF26EE871FE001_1992632218 Label:Cube15 SpatiallyLoaded:1 Bounds:IsValid=true, Min=(X=1725.251 Y=-12717.884 Z=489.844), Max=(X=1974.696 Y=-12468.439 Z=689.844) RuntimeGrid:None EditorOnly:0 RuntimeOnly:0 HLODRelevant:1
 |   |   |- [+] [ 41]
 |   |   |   |- Guid:80AEA92B40EDEF4591D71CA0D72AB401 BaseClass: NativeClass:/Script/Landscape.LandscapeStreamingProxy Name:LandscapeStreamingProxy_30RK3DK7WLG6SBZSP99DEAPXE_126_2_1_0 Label:LandscapeStreamingProxy_2_1_0 SpatiallyLoaded:1 Bounds:IsValid=true, Min=(X=0.000 Y=-12600.000 Z=-1900.000), Max=(X=12600.000 Y=0.000 Z=489.844) RuntimeGrid:None EditorOnly:0 RuntimeOnly:0 HLODRelevant:1
 |   |   |- [+] [ 42]
 |   |   |   |- Guid:74D40BA54A4F7C1CCCC76687279DF42B BaseClass: NativeClass:/Script/Landscape.LandscapeStreamingProxy Name:LandscapeStreamingProxy_30RK3DK7WLG6SBZSP99DEAPXE_126_2_2_0 Label:LandscapeStreamingProxy_2_2_0 SpatiallyLoaded:1 Bounds:IsValid=true, Min=(X=0.000 Y=0.000 Z=-1900.000), Max=(X=12600.000 Y=12600.000 Z=-1867.188) RuntimeGrid:None EditorOnly:0 RuntimeOnly:0 HLODRelevant:1
 |   |   |- [+] [ 43]
 |   |   |   |- Guid:B927FF0B46B20DB84C8740B9A0F5FDA1 BaseClass:/Game/Ennemies/BP_Enemy_Archer.BP_Enemy_Archer_C NativeClass:/Script/Engine.Character Name:BP_Enemy_Archer_C_UAID_9C7BEF26EE874CE201_1896233196 Label:BP_Enemy_Archer2 SpatiallyLoaded:1 Bounds:IsValid=true, Min=(X=-7167.324 Y=-13189.865 Z=2131.000), Max=(X=-7038.601 Y=-13111.388 Z=2310.365) RuntimeGrid:None EditorOnly:0 RuntimeOnly:0 HLODRelevant:0
 |   |   |- [+] [ 44]
 |   |   |   |- Guid:8035931A42464A5EEF8E05A35FBF3465 BaseClass: NativeClass:/Script/Landscape.Landscape Name:Landscape_UAID_9C7BEF26EE8717E001_1350195751 Label:Landscape SpatiallyLoaded:0 Bounds:IsValid=true, Min=(X=-25200.000 Y=-25200.000 Z=100.000), Max=(X=-25200.000 Y=-25200.000 Z=100.000) RuntimeGrid:None EditorOnly:0 RuntimeOnly:0 HLODRelevant:0
 |   |   |   |- Guid:6717DD1A4A9ED2C601736EBFF3E68600 BaseClass: NativeClass:/Script/WaterEditor.WaterBrushManager Name:Landscape_WaterBrushManager_0 Label:Landscape_WaterBrushManager SpatiallyLoaded:0 Bounds:IsValid=true, Min=(X=0.000 Y=0.000 Z=100.000), Max=(X=350.000 Y=350.000 Z=50000.000) RuntimeGrid:None EditorOnly:0 RuntimeOnly:0 HLODRelevant:0
 |   |   |- [+] [ 45]
 |   |   |   |- Guid:DA40E430448DE76D81E4B98434332E3C BaseClass: NativeClass:/Script/Engine.SkeletalMeshActor Name:SkeletalMeshActor_UAID_9C7BEF26EE871DE001_2042198828 Label:MM_Jump7 SpatiallyLoaded:1 Bounds:IsValid=true, Min=(X=-4723.610 Y=-2232.282 Z=1271.094), Max=(X=-4635.903 Y=-2140.687 Z=1416.826) RuntimeGrid:None EditorOnly:0 RuntimeOnly:0 HLODRelevant:0
 |   |   |- [+] [ 46]
 |   |   |   |- Guid:5697C0B9411BEA30A1246A8D2801E886 BaseClass: NativeClass:/Script/Engine.PointLight Name:PointLight_UAID_9C7BEF26EE871EE001_2057237014 Label:PointLight SpatiallyLoaded:1 Bounds:IsValid=true, Min=(X=-10858.397 Y=-17146.397 Z=-533.397), Max=(X=-4789.603 Y=-11077.603 Z=5535.397) RuntimeGrid:None EditorOnly:0 RuntimeOnly:0 HLODRelevant:0
 |   |   |- [+] [ 47]
 |   |   |   |- Guid:81A768DF471D43B705348EA3D4117FEA BaseClass: NativeClass:/Script/Landscape.LandscapeStreamingProxy Name:LandscapeStreamingProxy_30RK3DK7WLG6SBZSP99DEAPXE_126_3_1_0 Label:LandscapeStreamingProxy_3_1_0 SpatiallyLoaded:1 Bounds:IsValid=true, Min=(X=12600.000 Y=-12600.000 Z=-1997.656), Max=(X=25200.000 Y=0.000 Z=-1797.656) RuntimeGrid:None EditorOnly:0 RuntimeOnly:0 HLODRelevant:1
 |   |   |- [+] [ 48]
 |   |   |   |- Guid:18ACD3654C5EF1B965CA8695F206C3AA BaseClass: NativeClass:/Script/Engine.TextRenderActor Name:TextRenderActor_UAID_9C7BEF26EE871FE001_2074787221 Label:TextRenderActor SpatiallyLoaded:1 Bounds:IsValid=true, Min=(X=1515.599 Y=-12113.691 Z=661.000), Max=(X=1540.000 Y=-11617.000 Z=780.718) RuntimeGrid:None EditorOnly:0 RuntimeOnly:0 HLODRelevant:0
 |   |   |- [+] [ 49]
 |   |   |   |- Guid:628D0A8746BAB7F7AB3DE089DDD0A0B9 BaseClass:/Game/Ennemies/BP_Enemy_Sword.BP_Enemy_Sword_C NativeClass:/Script/Engine.Character Name:BP_Enemy_Sword_C_UAID_9C7BEF26EE874CE201_1804389191 Label:BP_Enemy_Sword SpatiallyLoaded:1 Bounds:IsValid=true, Min=(X=-228.200 Y=-13016.200 Z=463.600), Max=(X=-53.628 Y=-12927.032 Z=696.571) RuntimeGrid:None EditorOnly:0 RuntimeOnly:0 HLODRelevant:0
 |   |   |- [+] [ 50]
 |   |   |   |- Guid:26FF41C74452F7213FB10E92E7D5FB5B BaseClass: NativeClass:/Script/Landscape.LandscapeStreamingProxy Name:LandscapeStreamingProxy_30RK3DK7WLG6SBZSP99DEAPXE_126_0_2_0 Label:LandscapeStreamingProxy_0_2_0 SpatiallyLoaded:1 Bounds:IsValid=true, Min=(X=-25200.000 Y=0.000 Z=-1899.219), Max=(X=-12600.000 Y=12600.000 Z=-1897.656) RuntimeGrid:None EditorOnly:0 RuntimeOnly:0 HLODRelevant:1
 |   |   |- [+] [ 51]
 |   |   |   |- Guid:8AEBD6334E0795631C9A31BA66EE5FB1 BaseClass: NativeClass:/Script/Landscape.LandscapeStreamingProxy Name:LandscapeStreamingProxy_30RK3DK7WLG6SBZSP99DEAPXE_126_3_2_0 Label:LandscapeStreamingProxy_3_2_0 SpatiallyLoaded:1 Bounds:IsValid=true, Min=(X=12600.000 Y=0.000 Z=-1997.656), Max=(X=25200.000 Y=12600.000 Z=-1797.656) RuntimeGrid:None EditorOnly:0 RuntimeOnly:0 HLODRelevant:1
 |   |   |- [+] [ 52]
 |   |   |   |- Guid:F547ECA442873CBF89335F9DC1C66E37 BaseClass: NativeClass:/Script/Engine.StaticMeshActor Name:StaticMeshActor_UAID_9C7BEF26EE871FE001_1929752208 Label:Cube5 SpatiallyLoaded:1 Bounds:IsValid=true, Min=(X=1423.000 Y=-13058.000 Z=489.844), Max=(X=1583.000 Y=-12898.000 Z=649.844) RuntimeGrid:None EditorOnly:0 RuntimeOnly:0 HLODRelevant:1
 |   |   |- [+] [ 53]
 |   |   |   |- Guid:3D480F39423D2C540AAFABBDBCF41BA1 BaseClass: NativeClass:/Script/Landscape.LandscapeStreamingProxy Name:LandscapeStreamingProxy_30RK3DK7WLG6SBZSP99DEAPXE_126_1_2_0 Label:LandscapeStreamingProxy_1_2_0 SpatiallyLoaded:1 Bounds:IsValid=true, Min=(X=-12600.000 Y=0.000 Z=-1998.438), Max=(X=0.000 Y=12600.000 Z=1271.094) RuntimeGrid:None EditorOnly:0 RuntimeOnly:0 HLODRelevant:1
 |   |   |- [+] [ 54]
 |   |   |   |- Guid:13FBE79240EE7E8B54457B9E7E5C4BFC BaseClass: NativeClass:/Script/Engine.StaticMeshActor Name:StaticMeshActor_UAID_9C7BEF26EE871FE001_1102549191 Label:Cube SpatiallyLoaded:1 Bounds:IsValid=true, Min=(X=-8855.467 Y=-15685.686 Z=2145.000), Max=(X=-6118.533 Y=-13882.314 Z=2295.000) RuntimeGrid:None EditorOnly:0 RuntimeOnly:0 HLODRelevant:1
 |   |   |- [+] [ 55]
 |   |   |   |- Guid:A228B631428BDF1CAD6714A243AD2A1B BaseClass: NativeClass:/Script/Engine.StaticMeshActor Name:StaticMeshActor_UAID_9C7BEF26EE871FE001_1992633220 Label:Cube17 SpatiallyLoaded:1 Bounds:IsValid=true, Min=(X=2018.167 Y=-12769.833 Z=489.844), Max=(X=2167.833 Y=-12620.167 Z=609.844) RuntimeGrid:None EditorOnly:0 RuntimeOnly:0 HLODRelevant:1
 |   |   |- [+] [ 56]
 |   |   |   |- Guid:8FAD98F840E10B0935ABDAA28F711B60 BaseClass:/Game/Ennemies/BP_Enemy_Sword.BP_Enemy_Sword_C NativeClass:/Script/Engine.Character Name:BP_Enemy_Sword_C_UAID_9C7BEF26EE874CE201_1840200192 Label:BP_Enemy_Sword2 SpatiallyLoaded:1 Bounds:IsValid=true, Min=(X=-144.372 Y=-13024.968 Z=463.600), Max=(X=30.200 Y=-12935.800 Z=696.571) RuntimeGrid:None EditorOnly:0 RuntimeOnly:0 HLODRelevant:0
 |   |   |- [+] [ 57]
 |   |   |   |- Guid:E90DC6FE40D66CFCBCC992A511C4514A BaseClass: NativeClass:/Script/Engine.StaticMeshActor Name:StaticMeshActor_UAID_9C7BEF26EE871FE001_1978840214 Label:Cube11 SpatiallyLoaded:1 Bounds:IsValid=true, Min=(X=1321.586 Y=-11949.339 Z=489.844), Max=(X=1521.142 Y=-11749.783 Z=649.844) RuntimeGrid:None EditorOnly:0 RuntimeOnly:0 HLODRelevant:1
 |   |   |- [+] [ 58]
 |   |   |   |- Guid:9CC75B4B4EC737A02B66F4A65A88D642 BaseClass: NativeClass:/Script/Engine.StaticMeshActor Name:StaticMeshActor_UAID_9C7BEF26EE871FE001_1384294195 Label:Cube4 SpatiallyLoaded:1 Bounds:IsValid=true, Min=(X=-7511.798 Y=-14374.140 Z=1592.000), Max=(X=-6430.202 Y=-13887.860 Z=2992.000) RuntimeGrid:None EditorOnly:0 RuntimeOnly:0 HLODRelevant:1
 |   |   |- [+] [ 59]
 |   |   |   |- Guid:AA9CBC2643D7DBCEB8F1848A7F1BEF3E BaseClass: NativeClass:/Script/Engine.StaticMeshActor Name:StaticMeshActor_UAID_9C7BEF26EE871FE001_1970288210 Label:Cube7 SpatiallyLoaded:1 Bounds:IsValid=true, Min=(X=763.158 Y=-12087.445 Z=489.844), Max=(X=1045.660 Y=-11804.943 Z=689.844) RuntimeGrid:None EditorOnly:0 RuntimeOnly:0 HLODRelevant:1
 |   |   |- [+] [ 60]
 |   |   |   |- Guid:36D315A44E24AD79D8ECD2BFCCE9FC10 BaseClass:/Game/Ennemies/BP_Enemy_Archer.BP_Enemy_Archer_C NativeClass:/Script/Engine.Character Name:BP_Enemy_Archer_C_UAID_9C7BEF26EE874DE201_2022914374 Label:BP_Enemy_Archer4 SpatiallyLoaded:1 Bounds:IsValid=true, Min=(X=-8659.445 Y=-14221.994 Z=2131.000), Max=(X=-8534.883 Y=-14150.616 Z=2310.365) RuntimeGrid:None EditorOnly:0 RuntimeOnly:0 HLODRelevant:0
 |   |   |- [+] [ 61]
 |   |   |   |- Guid:1B2B4ED14A054C0DEA32B5A73F72A368 BaseClass:/Game/Ennemies/BP_Enemy_Archer.BP_Enemy_Archer_C NativeClass:/Script/Engine.Character Name:BP_Enemy_Archer_C_UAID_9C7BEF26EE874DE201_2057313375 Label:BP_Enemy_Archer5 SpatiallyLoaded:1 Bounds:IsValid=true, Min=(X=-8879.445 Y=-13882.994 Z=2131.000), Max=(X=-8754.883 Y=-13811.616 Z=2310.365) RuntimeGrid:None EditorOnly:0 RuntimeOnly:0 HLODRelevant:0
 |   |   |- [+] [ 62]
 |   |   |   |- Guid:B4D3B7AA444B0C5601AB17A2761215C5 BaseClass:/Game/Ennemies/BP_Enemy_Archer.BP_Enemy_Archer_C NativeClass:/Script/Engine.Character Name:BP_Enemy_Archer_C_UAID_9C7BEF26EE874DE201_2072209376 Label:BP_Enemy_Archer6 SpatiallyLoaded:1 Bounds:IsValid=true, Min=(X=-9022.445 Y=-13531.994 Z=2131.000), Max=(X=-8897.883 Y=-13460.616 Z=2310.365) RuntimeGrid:None EditorOnly:0 RuntimeOnly:0 HLODRelevant:0
 |- ContainerInstances:
 |- [+] MainContainer:
 |   |-        ID: 0x0000000000000000
 |   |-    Bounds: IsValid=false, Min=(X=0.000 Y=0.000 Z=0.000), Max=(X=0.000 Y=0.000 Z=0.000)
 |   |- Transform: 0.000000,0.000000,0.000000|0.000000,0.000000,-0.000000|1.000000,1.000000,1.000000
 |   |- Container: /Game/ThirdPerson/Maps/ThirdPersonMap
----------------------------------------------------------------------------------------------------------------
ThirdPersonMap - Persistent Level
----------------------------------------------------------------------------------------------------------------
Always loaded Actor Count: 205 

----------------------------------------------------------------------------------------------------------------
ThirdPersonMap - Runtime Spatial Hash - Streaming Grid - MainGrid
----------------------------------------------------------------------------------------------------------------
            Origin: X=0.000 Y=0.000 Z=0.000
         Cell Size: 12800
      World Bounds: IsValid=false, Min=(X=0.000 Y=0.000 Z=0.000), Max=(X=0.000 Y=0.000 Z=0.000)
     Loading Range: 25600.00
Block Slow Loading: No
 ClientOnlyVisible: No

[+] Grid Levels: 1
 |- Level  0: Cell Count    0 | Cell Size   12800 | Actor Count    0 (0.0%)

[+] Content of Grid Level 0

